The system is: Linux - 4.15.18 - x86_64
Compiling the C compiler identification source file "CMakeCCompilerId.c" succeeded.
Compiler: /usr/bin/cc 
Build flags: 
Id flags:  

The output was:
0


Compilation of the C compiler identification source "CMakeCCompilerId.c" produced "a.out"

The C compiler identification is GNU, found in "/home/u75983/dpcpp-tutorial/matrix-multi/newbuild/CMakeFiles/3.10.2/CompilerIdC/a.out"

Compiling the CXX compiler identification source file "CMakeCXXCompilerId.cpp" succeeded.
Compiler: /glob/development-tools/versions/oneapi/2021.3/inteloneapi/compiler/2021.3.0/linux/bin/dpcpp 
Build flags: 
Id flags:  

The output was:
0


Compilation of the CXX compiler identification source "CMakeCXXCompilerId.cpp" produced "a.out"

The CXX compiler identification is Clang, found in "/home/u75983/dpcpp-tutorial/matrix-multi/newbuild/CMakeFiles/3.10.2/CompilerIdCXX/a.out"

Determining if the C compiler works passed with the following output:
Change Dir: /home/u75983/dpcpp-tutorial/matrix-multi/newbuild/CMakeFiles/CMakeTmp

Run Build Command:"/usr/bin/make" "cmTC_3b472/fast"
/usr/bin/make -f CMakeFiles/cmTC_3b472.dir/build.make CMakeFiles/cmTC_3b472.dir/build
make[1]: Entering directory '/home/u75983/dpcpp-tutorial/matrix-multi/newbuild/CMakeFiles/CMakeTmp'
Building C object CMakeFiles/cmTC_3b472.dir/testCCompiler.c.o
/usr/bin/cc    -o CMakeFiles/cmTC_3b472.dir/testCCompiler.c.o   -c /home/u75983/dpcpp-tutorial/matrix-multi/newbuild/CMakeFiles/CMakeTmp/testCCompiler.c
Linking C executable cmTC_3b472
/usr/bin/cmake -E cmake_link_script CMakeFiles/cmTC_3b472.dir/link.txt --verbose=1
/usr/bin/cc      -rdynamic CMakeFiles/cmTC_3b472.dir/testCCompiler.c.o  -o cmTC_3b472 
make[1]: Leaving directory '/home/u75983/dpcpp-tutorial/matrix-multi/newbuild/CMakeFiles/CMakeTmp'


Detecting C compiler ABI info compiled with the following output:
Change Dir: /home/u75983/dpcpp-tutorial/matrix-multi/newbuild/CMakeFiles/CMakeTmp

Run Build Command:"/usr/bin/make" "cmTC_fe6eb/fast"
/usr/bin/make -f CMakeFiles/cmTC_fe6eb.dir/build.make CMakeFiles/cmTC_fe6eb.dir/build
make[1]: Entering directory '/home/u75983/dpcpp-tutorial/matrix-multi/newbuild/CMakeFiles/CMakeTmp'
Building C object CMakeFiles/cmTC_fe6eb.dir/CMakeCCompilerABI.c.o
/usr/bin/cc    -o CMakeFiles/cmTC_fe6eb.dir/CMakeCCompilerABI.c.o   -c /usr/share/cmake-3.10/Modules/CMakeCCompilerABI.c
Linking C executable cmTC_fe6eb
/usr/bin/cmake -E cmake_link_script CMakeFiles/cmTC_fe6eb.dir/link.txt --verbose=1
/usr/bin/cc     -v -rdynamic CMakeFiles/cmTC_fe6eb.dir/CMakeCCompilerABI.c.o  -o cmTC_fe6eb 
Using built-in specs.
COLLECT_GCC=/usr/bin/cc
COLLECT_LTO_WRAPPER=/usr/lib/gcc/x86_64-linux-gnu/7/lto-wrapper
OFFLOAD_TARGET_NAMES=nvptx-none
OFFLOAD_TARGET_DEFAULT=1
Target: x86_64-linux-gnu
Configured with: ../src/configure -v --with-pkgversion='Ubuntu 7.4.0-1ubuntu1~18.04.1' --with-bugurl=file:///usr/share/doc/gcc-7/README.Bugs --enable-languages=c,ada,c++,go,brig,d,fortran,objc,obj-c++ --prefix=/usr --with-gcc-major-version-only --program-suffix=-7 --program-prefix=x86_64-linux-gnu- --enable-shared --enable-linker-build-id --libexecdir=/usr/lib --without-included-gettext --enable-threads=posix --libdir=/usr/lib --enable-nls --with-sysroot=/ --enable-clocale=gnu --enable-libstdcxx-debug --enable-libstdcxx-time=yes --with-default-libstdcxx-abi=new --enable-gnu-unique-object --disable-vtable-verify --enable-libmpx --enable-plugin --enable-default-pie --with-system-zlib --with-target-system-zlib --enable-objc-gc=auto --enable-multiarch --disable-werror --with-arch-32=i686 --with-abi=m64 --with-multilib-list=m32,m64,mx32 --enable-multilib --with-tune=generic --enable-offload-targets=nvptx-none --without-cuda-driver --enable-checking=release --build=x86_64-linux-gnu --host=x86_64-linux-gnu --target=x86_64-linux-gnu
Thread model: posix
gcc version 7.4.0 (Ubuntu 7.4.0-1ubuntu1~18.04.1) 
COMPILER_PATH=/usr/lib/gcc/x86_64-linux-gnu/7/:/usr/lib/gcc/x86_64-linux-gnu/7/:/usr/lib/gcc/x86_64-linux-gnu/:/usr/lib/gcc/x86_64-linux-gnu/7/:/usr/lib/gcc/x86_64-linux-gnu/
LIBRARY_PATH=/opt/intel/openvino/data_processing/dl_streamer/lib/../lib/:/opt/intel/openvino/data_processing/gstreamer/lib/../lib/:/glob/development-tools/versions/oneapi/2021.3/inteloneapi/vpl/2021.4.0/lib/../lib/:/glob/development-tools/versions/oneapi/2021.3/inteloneapi/mpi/2021.2.0//libfabric/lib/../lib/:/glob/development-tools/versions/oneapi/2021.3/inteloneapi/mpi/2021.2.0//lib/../lib/:/glob/development-tools/versions/oneapi/2021.3/inteloneapi/dnnl/2021.3.0/cpu_dpcpp_gpu_dpcpp/lib/../lib/:/glob/development-tools/versions/oneapi/2021.3/inteloneapi/compiler/2021.3.0/linux/lib/../lib/:/usr/lib/gcc/x86_64-linux-gnu/7/:/usr/lib/gcc/x86_64-linux-gnu/7/../../../x86_64-linux-gnu/:/usr/lib/gcc/x86_64-linux-gnu/7/../../../../lib/:/lib/x86_64-linux-gnu/:/lib/../lib/:/usr/lib/x86_64-linux-gnu/:/usr/lib/../lib/:/opt/intel/openvino/data_processing/dl_streamer/lib/:/opt/intel/openvino/data_processing/gstreamer/lib/:/glob/development-tools/versions/oneapi/2021.3/inteloneapi/vpl/2021.4.0/lib/:/glob/development-tools/versions/oneapi/2021.3/inteloneapi/tbb/2021.3.0/env/../lib/intel64/gcc4.8/:/glob/development-tools/versions/oneapi/2021.3/inteloneapi/mpi/2021.2.0//libfabric/lib/:/glob/development-tools/versions/oneapi/2021.3/inteloneapi/mpi/2021.2.0//lib/release/:/glob/development-tools/versions/oneapi/2021.3/inteloneapi/mpi/2021.2.0//lib/:/glob/development-tools/versions/oneapi/2021.3/inteloneapi/mkl/2021.3.0/lib/intel64/:/glob/development-tools/versions/oneapi/2021.3/inteloneapi/ipp/2021.3.0/lib/intel64/:/glob/development-tools/versions/oneapi/2021.3/inteloneapi/ippcp/2021.3.0/lib/intel64/:/glob/development-tools/versions/oneapi/2021.3/inteloneapi/ipp/2021.3.0/lib/intel64/:/glob/development-tools/versions/oneapi/2021.3/inteloneapi/dnnl/2021.3.0/cpu_dpcpp_gpu_dpcpp/lib/:/glob/development-tools/versions/oneapi/2021.3/inteloneapi/dal/2021.3.0/lib/intel64/:/glob/development-tools/versions/oneapi/2021.3/inteloneapi/compiler/2021.3.0/linux/compiler/lib/intel64_lin/:/glob/development-tools/versions/oneapi/2021.3/inteloneapi/compiler/2021.3.0/linux/lib/:/glob/development-tools/versions/oneapi/2021.3/inteloneapi/clck/2021.3.0/lib/intel64/:/glob/development-tools/versions/oneapi/2021.3/inteloneapi/ccl/2021.3.0/lib/cpu_gpu_dpcpp/:/usr/lib/gcc/x86_64-linux-gnu/7/../../../:/lib/:/usr/lib/
COLLECT_GCC_OPTIONS='-v' '-rdynamic' '-o' 'cmTC_fe6eb' '-mtune=generic' '-march=x86-64'
 /usr/lib/gcc/x86_64-linux-gnu/7/collect2 -plugin /usr/lib/gcc/x86_64-linux-gnu/7/liblto_plugin.so -plugin-opt=/usr/lib/gcc/x86_64-linux-gnu/7/lto-wrapper -plugin-opt=-fresolution=/home/u75983/tmp/ccNJE7ao.res -plugin-opt=-pass-through=-lgcc -plugin-opt=-pass-through=-lgcc_s -plugin-opt=-pass-through=-lc -plugin-opt=-pass-through=-lgcc -plugin-opt=-pass-through=-lgcc_s --sysroot=/ --build-id --eh-frame-hdr -m elf_x86_64 --hash-style=gnu --as-needed -export-dynamic -dynamic-linker /lib64/ld-linux-x86-64.so.2 -pie -z now -z relro -o cmTC_fe6eb /usr/lib/gcc/x86_64-linux-gnu/7/../../../x86_64-linux-gnu/Scrt1.o /usr/lib/gcc/x86_64-linux-gnu/7/../../../x86_64-linux-gnu/crti.o /usr/lib/gcc/x86_64-linux-gnu/7/crtbeginS.o -L/opt/intel/openvino/data_processing/dl_streamer/lib/../lib -L/opt/intel/openvino/data_processing/gstreamer/lib/../lib -L/glob/development-tools/versions/oneapi/2021.3/inteloneapi/vpl/2021.4.0/lib/../lib -L/glob/development-tools/versions/oneapi/2021.3/inteloneapi/mpi/2021.2.0//libfabric/lib/../lib -L/glob/development-tools/versions/oneapi/2021.3/inteloneapi/mpi/2021.2.0//lib/../lib -L/glob/development-tools/versions/oneapi/2021.3/inteloneapi/dnnl/2021.3.0/cpu_dpcpp_gpu_dpcpp/lib/../lib -L/glob/development-tools/versions/oneapi/2021.3/inteloneapi/compiler/2021.3.0/linux/lib/../lib -L/usr/lib/gcc/x86_64-linux-gnu/7 -L/usr/lib/gcc/x86_64-linux-gnu/7/../../../x86_64-linux-gnu -L/usr/lib/gcc/x86_64-linux-gnu/7/../../../../lib -L/lib/x86_64-linux-gnu -L/lib/../lib -L/usr/lib/x86_64-linux-gnu -L/usr/lib/../lib -L/opt/intel/openvino/data_processing/dl_streamer/lib -L/opt/intel/openvino/data_processing/gstreamer/lib -L/glob/development-tools/versions/oneapi/2021.3/inteloneapi/vpl/2021.4.0/lib -L/glob/development-tools/versions/oneapi/2021.3/inteloneapi/tbb/2021.3.0/env/../lib/intel64/gcc4.8 -L/glob/development-tools/versions/oneapi/2021.3/inteloneapi/mpi/2021.2.0//libfabric/lib -L/glob/development-tools/versions/oneapi/2021.3/inteloneapi/mpi/2021.2.0//lib/release -L/glob/development-tools/versions/oneapi/2021.3/inteloneapi/mpi/2021.2.0//lib -L/glob/development-tools/versions/oneapi/2021.3/inteloneapi/mkl/2021.3.0/lib/intel64 -L/glob/development-tools/versions/oneapi/2021.3/inteloneapi/ipp/2021.3.0/lib/intel64 -L/glob/development-tools/versions/oneapi/2021.3/inteloneapi/ippcp/2021.3.0/lib/intel64 -L/glob/development-tools/versions/oneapi/2021.3/inteloneapi/ipp/2021.3.0/lib/intel64 -L/glob/development-tools/versions/oneapi/2021.3/inteloneapi/dnnl/2021.3.0/cpu_dpcpp_gpu_dpcpp/lib -L/glob/development-tools/versions/oneapi/2021.3/inteloneapi/dal/2021.3.0/lib/intel64 -L/glob/development-tools/versions/oneapi/2021.3/inteloneapi/compiler/2021.3.0/linux/compiler/lib/intel64_lin -L/glob/development-tools/versions/oneapi/2021.3/inteloneapi/compiler/2021.3.0/linux/lib -L/glob/development-tools/versions/oneapi/2021.3/inteloneapi/clck/2021.3.0/lib/intel64 -L/glob/development-tools/versions/oneapi/2021.3/inteloneapi/ccl/2021.3.0/lib/cpu_gpu_dpcpp -L/usr/lib/gcc/x86_64-linux-gnu/7/../../.. CMakeFiles/cmTC_fe6eb.dir/CMakeCCompilerABI.c.o -lgcc --push-state --as-needed -lgcc_s --pop-state -lc -lgcc --push-state --as-needed -lgcc_s --pop-state /usr/lib/gcc/x86_64-linux-gnu/7/crtendS.o /usr/lib/gcc/x86_64-linux-gnu/7/../../../x86_64-linux-gnu/crtn.o
COLLECT_GCC_OPTIONS='-v' '-rdynamic' '-o' 'cmTC_fe6eb' '-mtune=generic' '-march=x86-64'
make[1]: Leaving directory '/home/u75983/dpcpp-tutorial/matrix-multi/newbuild/CMakeFiles/CMakeTmp'


Parsed C implicit link information from above output:
  link line regex: [^( *|.*[/\])(ld|CMAKE_LINK_STARTFILE-NOTFOUND|([^/\]+-)?ld|collect2)[^/\]*( |$)]
  ignore line: [Change Dir: /home/u75983/dpcpp-tutorial/matrix-multi/newbuild/CMakeFiles/CMakeTmp]
  ignore line: []
  ignore line: [Run Build Command:"/usr/bin/make" "cmTC_fe6eb/fast"]
  ignore line: [/usr/bin/make -f CMakeFiles/cmTC_fe6eb.dir/build.make CMakeFiles/cmTC_fe6eb.dir/build]
  ignore line: [make[1]: Entering directory '/home/u75983/dpcpp-tutorial/matrix-multi/newbuild/CMakeFiles/CMakeTmp']
  ignore line: [Building C object CMakeFiles/cmTC_fe6eb.dir/CMakeCCompilerABI.c.o]
  ignore line: [/usr/bin/cc    -o CMakeFiles/cmTC_fe6eb.dir/CMakeCCompilerABI.c.o   -c /usr/share/cmake-3.10/Modules/CMakeCCompilerABI.c]
  ignore line: [Linking C executable cmTC_fe6eb]
  ignore line: [/usr/bin/cmake -E cmake_link_script CMakeFiles/cmTC_fe6eb.dir/link.txt --verbose=1]
  ignore line: [/usr/bin/cc     -v -rdynamic CMakeFiles/cmTC_fe6eb.dir/CMakeCCompilerABI.c.o  -o cmTC_fe6eb ]
  ignore line: [Using built-in specs.]
  ignore line: [COLLECT_GCC=/usr/bin/cc]
  ignore line: [COLLECT_LTO_WRAPPER=/usr/lib/gcc/x86_64-linux-gnu/7/lto-wrapper]
  ignore line: [OFFLOAD_TARGET_NAMES=nvptx-none]
  ignore line: [OFFLOAD_TARGET_DEFAULT=1]
  ignore line: [Target: x86_64-linux-gnu]
  ignore line: [Configured with: ../src/configure -v --with-pkgversion='Ubuntu 7.4.0-1ubuntu1~18.04.1' --with-bugurl=file:///usr/share/doc/gcc-7/README.Bugs --enable-languages=c,ada,c++,go,brig,d,fortran,objc,obj-c++ --prefix=/usr --with-gcc-major-version-only --program-suffix=-7 --program-prefix=x86_64-linux-gnu- --enable-shared --enable-linker-build-id --libexecdir=/usr/lib --without-included-gettext --enable-threads=posix --libdir=/usr/lib --enable-nls --with-sysroot=/ --enable-clocale=gnu --enable-libstdcxx-debug --enable-libstdcxx-time=yes --with-default-libstdcxx-abi=new --enable-gnu-unique-object --disable-vtable-verify --enable-libmpx --enable-plugin --enable-default-pie --with-system-zlib --with-target-system-zlib --enable-objc-gc=auto --enable-multiarch --disable-werror --with-arch-32=i686 --with-abi=m64 --with-multilib-list=m32,m64,mx32 --enable-multilib --with-tune=generic --enable-offload-targets=nvptx-none --without-cuda-driver --enable-checking=release --build=x86_64-linux-gnu --host=x86_64-linux-gnu --target=x86_64-linux-gnu]
  ignore line: [Thread model: posix]
  ignore line: [gcc version 7.4.0 (Ubuntu 7.4.0-1ubuntu1~18.04.1) ]
  ignore line: [COMPILER_PATH=/usr/lib/gcc/x86_64-linux-gnu/7/:/usr/lib/gcc/x86_64-linux-gnu/7/:/usr/lib/gcc/x86_64-linux-gnu/:/usr/lib/gcc/x86_64-linux-gnu/7/:/usr/lib/gcc/x86_64-linux-gnu/]
  ignore line: [LIBRARY_PATH=/opt/intel/openvino/data_processing/dl_streamer/lib/../lib/:/opt/intel/openvino/data_processing/gstreamer/lib/../lib/:/glob/development-tools/versions/oneapi/2021.3/inteloneapi/vpl/2021.4.0/lib/../lib/:/glob/development-tools/versions/oneapi/2021.3/inteloneapi/mpi/2021.2.0//libfabric/lib/../lib/:/glob/development-tools/versions/oneapi/2021.3/inteloneapi/mpi/2021.2.0//lib/../lib/:/glob/development-tools/versions/oneapi/2021.3/inteloneapi/dnnl/2021.3.0/cpu_dpcpp_gpu_dpcpp/lib/../lib/:/glob/development-tools/versions/oneapi/2021.3/inteloneapi/compiler/2021.3.0/linux/lib/../lib/:/usr/lib/gcc/x86_64-linux-gnu/7/:/usr/lib/gcc/x86_64-linux-gnu/7/../../../x86_64-linux-gnu/:/usr/lib/gcc/x86_64-linux-gnu/7/../../../../lib/:/lib/x86_64-linux-gnu/:/lib/../lib/:/usr/lib/x86_64-linux-gnu/:/usr/lib/../lib/:/opt/intel/openvino/data_processing/dl_streamer/lib/:/opt/intel/openvino/data_processing/gstreamer/lib/:/glob/development-tools/versions/oneapi/2021.3/inteloneapi/vpl/2021.4.0/lib/:/glob/development-tools/versions/oneapi/2021.3/inteloneapi/tbb/2021.3.0/env/../lib/intel64/gcc4.8/:/glob/development-tools/versions/oneapi/2021.3/inteloneapi/mpi/2021.2.0//libfabric/lib/:/glob/development-tools/versions/oneapi/2021.3/inteloneapi/mpi/2021.2.0//lib/release/:/glob/development-tools/versions/oneapi/2021.3/inteloneapi/mpi/2021.2.0//lib/:/glob/development-tools/versions/oneapi/2021.3/inteloneapi/mkl/2021.3.0/lib/intel64/:/glob/development-tools/versions/oneapi/2021.3/inteloneapi/ipp/2021.3.0/lib/intel64/:/glob/development-tools/versions/oneapi/2021.3/inteloneapi/ippcp/2021.3.0/lib/intel64/:/glob/development-tools/versions/oneapi/2021.3/inteloneapi/ipp/2021.3.0/lib/intel64/:/glob/development-tools/versions/oneapi/2021.3/inteloneapi/dnnl/2021.3.0/cpu_dpcpp_gpu_dpcpp/lib/:/glob/development-tools/versions/oneapi/2021.3/inteloneapi/dal/2021.3.0/lib/intel64/:/glob/development-tools/versions/oneapi/2021.3/inteloneapi/compiler/2021.3.0/linux/compiler/lib/intel64_lin/:/glob/development-tools/versions/oneapi/2021.3/inteloneapi/compiler/2021.3.0/linux/lib/:/glob/development-tools/versions/oneapi/2021.3/inteloneapi/clck/2021.3.0/lib/intel64/:/glob/development-tools/versions/oneapi/2021.3/inteloneapi/ccl/2021.3.0/lib/cpu_gpu_dpcpp/:/usr/lib/gcc/x86_64-linux-gnu/7/../../../:/lib/:/usr/lib/]
  ignore line: [COLLECT_GCC_OPTIONS='-v' '-rdynamic' '-o' 'cmTC_fe6eb' '-mtune=generic' '-march=x86-64']
  link line: [ /usr/lib/gcc/x86_64-linux-gnu/7/collect2 -plugin /usr/lib/gcc/x86_64-linux-gnu/7/liblto_plugin.so -plugin-opt=/usr/lib/gcc/x86_64-linux-gnu/7/lto-wrapper -plugin-opt=-fresolution=/home/u75983/tmp/ccNJE7ao.res -plugin-opt=-pass-through=-lgcc -plugin-opt=-pass-through=-lgcc_s -plugin-opt=-pass-through=-lc -plugin-opt=-pass-through=-lgcc -plugin-opt=-pass-through=-lgcc_s --sysroot=/ --build-id --eh-frame-hdr -m elf_x86_64 --hash-style=gnu --as-needed -export-dynamic -dynamic-linker /lib64/ld-linux-x86-64.so.2 -pie -z now -z relro -o cmTC_fe6eb /usr/lib/gcc/x86_64-linux-gnu/7/../../../x86_64-linux-gnu/Scrt1.o /usr/lib/gcc/x86_64-linux-gnu/7/../../../x86_64-linux-gnu/crti.o /usr/lib/gcc/x86_64-linux-gnu/7/crtbeginS.o -L/opt/intel/openvino/data_processing/dl_streamer/lib/../lib -L/opt/intel/openvino/data_processing/gstreamer/lib/../lib -L/glob/development-tools/versions/oneapi/2021.3/inteloneapi/vpl/2021.4.0/lib/../lib -L/glob/development-tools/versions/oneapi/2021.3/inteloneapi/mpi/2021.2.0//libfabric/lib/../lib -L/glob/development-tools/versions/oneapi/2021.3/inteloneapi/mpi/2021.2.0//lib/../lib -L/glob/development-tools/versions/oneapi/2021.3/inteloneapi/dnnl/2021.3.0/cpu_dpcpp_gpu_dpcpp/lib/../lib -L/glob/development-tools/versions/oneapi/2021.3/inteloneapi/compiler/2021.3.0/linux/lib/../lib -L/usr/lib/gcc/x86_64-linux-gnu/7 -L/usr/lib/gcc/x86_64-linux-gnu/7/../../../x86_64-linux-gnu -L/usr/lib/gcc/x86_64-linux-gnu/7/../../../../lib -L/lib/x86_64-linux-gnu -L/lib/../lib -L/usr/lib/x86_64-linux-gnu -L/usr/lib/../lib -L/opt/intel/openvino/data_processing/dl_streamer/lib -L/opt/intel/openvino/data_processing/gstreamer/lib -L/glob/development-tools/versions/oneapi/2021.3/inteloneapi/vpl/2021.4.0/lib -L/glob/development-tools/versions/oneapi/2021.3/inteloneapi/tbb/2021.3.0/env/../lib/intel64/gcc4.8 -L/glob/development-tools/versions/oneapi/2021.3/inteloneapi/mpi/2021.2.0//libfabric/lib -L/glob/development-tools/versions/oneapi/2021.3/inteloneapi/mpi/2021.2.0//lib/release -L/glob/development-tools/versions/oneapi/2021.3/inteloneapi/mpi/2021.2.0//lib -L/glob/development-tools/versions/oneapi/2021.3/inteloneapi/mkl/2021.3.0/lib/intel64 -L/glob/development-tools/versions/oneapi/2021.3/inteloneapi/ipp/2021.3.0/lib/intel64 -L/glob/development-tools/versions/oneapi/2021.3/inteloneapi/ippcp/2021.3.0/lib/intel64 -L/glob/development-tools/versions/oneapi/2021.3/inteloneapi/ipp/2021.3.0/lib/intel64 -L/glob/development-tools/versions/oneapi/2021.3/inteloneapi/dnnl/2021.3.0/cpu_dpcpp_gpu_dpcpp/lib -L/glob/development-tools/versions/oneapi/2021.3/inteloneapi/dal/2021.3.0/lib/intel64 -L/glob/development-tools/versions/oneapi/2021.3/inteloneapi/compiler/2021.3.0/linux/compiler/lib/intel64_lin -L/glob/development-tools/versions/oneapi/2021.3/inteloneapi/compiler/2021.3.0/linux/lib -L/glob/development-tools/versions/oneapi/2021.3/inteloneapi/clck/2021.3.0/lib/intel64 -L/glob/development-tools/versions/oneapi/2021.3/inteloneapi/ccl/2021.3.0/lib/cpu_gpu_dpcpp -L/usr/lib/gcc/x86_64-linux-gnu/7/../../.. CMakeFiles/cmTC_fe6eb.dir/CMakeCCompilerABI.c.o -lgcc --push-state --as-needed -lgcc_s --pop-state -lc -lgcc --push-state --as-needed -lgcc_s --pop-state /usr/lib/gcc/x86_64-linux-gnu/7/crtendS.o /usr/lib/gcc/x86_64-linux-gnu/7/../../../x86_64-linux-gnu/crtn.o]
    arg [/usr/lib/gcc/x86_64-linux-gnu/7/collect2] ==> ignore
    arg [-plugin] ==> ignore
    arg [/usr/lib/gcc/x86_64-linux-gnu/7/liblto_plugin.so] ==> ignore
    arg [-plugin-opt=/usr/lib/gcc/x86_64-linux-gnu/7/lto-wrapper] ==> ignore
    arg [-plugin-opt=-fresolution=/home/u75983/tmp/ccNJE7ao.res] ==> ignore
    arg [-plugin-opt=-pass-through=-lgcc] ==> ignore
    arg [-plugin-opt=-pass-through=-lgcc_s] ==> ignore
    arg [-plugin-opt=-pass-through=-lc] ==> ignore
    arg [-plugin-opt=-pass-through=-lgcc] ==> ignore
    arg [-plugin-opt=-pass-through=-lgcc_s] ==> ignore
    arg [--sysroot=/] ==> ignore
    arg [--build-id] ==> ignore
    arg [--eh-frame-hdr] ==> ignore
    arg [-m] ==> ignore
    arg [elf_x86_64] ==> ignore
    arg [--hash-style=gnu] ==> ignore
    arg [--as-needed] ==> ignore
    arg [-export-dynamic] ==> ignore
    arg [-dynamic-linker] ==> ignore
    arg [/lib64/ld-linux-x86-64.so.2] ==> ignore
    arg [-pie] ==> ignore
    arg [-znow] ==> ignore
    arg [-zrelro] ==> ignore
    arg [-o] ==> ignore
    arg [cmTC_fe6eb] ==> ignore
    arg [/usr/lib/gcc/x86_64-linux-gnu/7/../../../x86_64-linux-gnu/Scrt1.o] ==> ignore
    arg [/usr/lib/gcc/x86_64-linux-gnu/7/../../../x86_64-linux-gnu/crti.o] ==> ignore
    arg [/usr/lib/gcc/x86_64-linux-gnu/7/crtbeginS.o] ==> ignore
    arg [-L/opt/intel/openvino/data_processing/dl_streamer/lib/../lib] ==> dir [/opt/intel/openvino/data_processing/dl_streamer/lib/../lib]
    arg [-L/opt/intel/openvino/data_processing/gstreamer/lib/../lib] ==> dir [/opt/intel/openvino/data_processing/gstreamer/lib/../lib]
    arg [-L/glob/development-tools/versions/oneapi/2021.3/inteloneapi/vpl/2021.4.0/lib/../lib] ==> dir [/glob/development-tools/versions/oneapi/2021.3/inteloneapi/vpl/2021.4.0/lib/../lib]
    arg [-L/glob/development-tools/versions/oneapi/2021.3/inteloneapi/mpi/2021.2.0//libfabric/lib/../lib] ==> dir [/glob/development-tools/versions/oneapi/2021.3/inteloneapi/mpi/2021.2.0//libfabric/lib/../lib]
    arg [-L/glob/development-tools/versions/oneapi/2021.3/inteloneapi/mpi/2021.2.0//lib/../lib] ==> dir [/glob/development-tools/versions/oneapi/2021.3/inteloneapi/mpi/2021.2.0//lib/../lib]
    arg [-L/glob/development-tools/versions/oneapi/2021.3/inteloneapi/dnnl/2021.3.0/cpu_dpcpp_gpu_dpcpp/lib/../lib] ==> dir [/glob/development-tools/versions/oneapi/2021.3/inteloneapi/dnnl/2021.3.0/cpu_dpcpp_gpu_dpcpp/lib/../lib]
    arg [-L/glob/development-tools/versions/oneapi/2021.3/inteloneapi/compiler/2021.3.0/linux/lib/../lib] ==> dir [/glob/development-tools/versions/oneapi/2021.3/inteloneapi/compiler/2021.3.0/linux/lib/../lib]
    arg [-L/usr/lib/gcc/x86_64-linux-gnu/7] ==> dir [/usr/lib/gcc/x86_64-linux-gnu/7]
    arg [-L/usr/lib/gcc/x86_64-linux-gnu/7/../../../x86_64-linux-gnu] ==> dir [/usr/lib/gcc/x86_64-linux-gnu/7/../../../x86_64-linux-gnu]
    arg [-L/usr/lib/gcc/x86_64-linux-gnu/7/../../../../lib] ==> dir [/usr/lib/gcc/x86_64-linux-gnu/7/../../../../lib]
    arg [-L/lib/x86_64-linux-gnu] ==> dir [/lib/x86_64-linux-gnu]
    arg [-L/lib/../lib] ==> dir [/lib/../lib]
    arg [-L/usr/lib/x86_64-linux-gnu] ==> dir [/usr/lib/x86_64-linux-gnu]
    arg [-L/usr/lib/../lib] ==> dir [/usr/lib/../lib]
    arg [-L/opt/intel/openvino/data_processing/dl_streamer/lib] ==> dir [/opt/intel/openvino/data_processing/dl_streamer/lib]
    arg [-L/opt/intel/openvino/data_processing/gstreamer/lib] ==> dir [/opt/intel/openvino/data_processing/gstreamer/lib]
    arg [-L/glob/development-tools/versions/oneapi/2021.3/inteloneapi/vpl/2021.4.0/lib] ==> dir [/glob/development-tools/versions/oneapi/2021.3/inteloneapi/vpl/2021.4.0/lib]
    arg [-L/glob/development-tools/versions/oneapi/2021.3/inteloneapi/tbb/2021.3.0/env/../lib/intel64/gcc4.8] ==> dir [/glob/development-tools/versions/oneapi/2021.3/inteloneapi/tbb/2021.3.0/env/../lib/intel64/gcc4.8]
    arg [-L/glob/development-tools/versions/oneapi/2021.3/inteloneapi/mpi/2021.2.0//libfabric/lib] ==> dir [/glob/development-tools/versions/oneapi/2021.3/inteloneapi/mpi/2021.2.0//libfabric/lib]
    arg [-L/glob/development-tools/versions/oneapi/2021.3/inteloneapi/mpi/2021.2.0//lib/release] ==> dir [/glob/development-tools/versions/oneapi/2021.3/inteloneapi/mpi/2021.2.0//lib/release]
    arg [-L/glob/development-tools/versions/oneapi/2021.3/inteloneapi/mpi/2021.2.0//lib] ==> dir [/glob/development-tools/versions/oneapi/2021.3/inteloneapi/mpi/2021.2.0//lib]
    arg [-L/glob/development-tools/versions/oneapi/2021.3/inteloneapi/mkl/2021.3.0/lib/intel64] ==> dir [/glob/development-tools/versions/oneapi/2021.3/inteloneapi/mkl/2021.3.0/lib/intel64]
    arg [-L/glob/development-tools/versions/oneapi/2021.3/inteloneapi/ipp/2021.3.0/lib/intel64] ==> dir [/glob/development-tools/versions/oneapi/2021.3/inteloneapi/ipp/2021.3.0/lib/intel64]
    arg [-L/glob/development-tools/versions/oneapi/2021.3/inteloneapi/ippcp/2021.3.0/lib/intel64] ==> dir [/glob/development-tools/versions/oneapi/2021.3/inteloneapi/ippcp/2021.3.0/lib/intel64]
    arg [-L/glob/development-tools/versions/oneapi/2021.3/inteloneapi/ipp/2021.3.0/lib/intel64] ==> dir [/glob/development-tools/versions/oneapi/2021.3/inteloneapi/ipp/2021.3.0/lib/intel64]
    arg [-L/glob/development-tools/versions/oneapi/2021.3/inteloneapi/dnnl/2021.3.0/cpu_dpcpp_gpu_dpcpp/lib] ==> dir [/glob/development-tools/versions/oneapi/2021.3/inteloneapi/dnnl/2021.3.0/cpu_dpcpp_gpu_dpcpp/lib]
    arg [-L/glob/development-tools/versions/oneapi/2021.3/inteloneapi/dal/2021.3.0/lib/intel64] ==> dir [/glob/development-tools/versions/oneapi/2021.3/inteloneapi/dal/2021.3.0/lib/intel64]
    arg [-L/glob/development-tools/versions/oneapi/2021.3/inteloneapi/compiler/2021.3.0/linux/compiler/lib/intel64_lin] ==> dir [/glob/development-tools/versions/oneapi/2021.3/inteloneapi/compiler/2021.3.0/linux/compiler/lib/intel64_lin]
    arg [-L/glob/development-tools/versions/oneapi/2021.3/inteloneapi/compiler/2021.3.0/linux/lib] ==> dir [/glob/development-tools/versions/oneapi/2021.3/inteloneapi/compiler/2021.3.0/linux/lib]
    arg [-L/glob/development-tools/versions/oneapi/2021.3/inteloneapi/clck/2021.3.0/lib/intel64] ==> dir [/glob/development-tools/versions/oneapi/2021.3/inteloneapi/clck/2021.3.0/lib/intel64]
    arg [-L/glob/development-tools/versions/oneapi/2021.3/inteloneapi/ccl/2021.3.0/lib/cpu_gpu_dpcpp] ==> dir [/glob/development-tools/versions/oneapi/2021.3/inteloneapi/ccl/2021.3.0/lib/cpu_gpu_dpcpp]
    arg [-L/usr/lib/gcc/x86_64-linux-gnu/7/../../..] ==> dir [/usr/lib/gcc/x86_64-linux-gnu/7/../../..]
    arg [CMakeFiles/cmTC_fe6eb.dir/CMakeCCompilerABI.c.o] ==> ignore
    arg [-lgcc] ==> lib [gcc]
    arg [--push-state] ==> ignore
    arg [--as-needed] ==> ignore
    arg [-lgcc_s] ==> lib [gcc_s]
    arg [--pop-state] ==> ignore
    arg [-lc] ==> lib [c]
    arg [-lgcc] ==> lib [gcc]
    arg [--push-state] ==> ignore
    arg [--as-needed] ==> ignore
    arg [-lgcc_s] ==> lib [gcc_s]
    arg [--pop-state] ==> ignore
    arg [/usr/lib/gcc/x86_64-linux-gnu/7/crtendS.o] ==> ignore
    arg [/usr/lib/gcc/x86_64-linux-gnu/7/../../../x86_64-linux-gnu/crtn.o] ==> ignore
  collapse library dir [/opt/intel/openvino/data_processing/dl_streamer/lib/../lib] ==> [/opt/intel/openvino/data_processing/dl_streamer/lib]
  collapse library dir [/opt/intel/openvino/data_processing/gstreamer/lib/../lib] ==> [/opt/intel/openvino/data_processing/gstreamer/lib]
  collapse library dir [/glob/development-tools/versions/oneapi/2021.3/inteloneapi/vpl/2021.4.0/lib/../lib] ==> [/glob/development-tools/versions/oneapi/2021.3/inteloneapi/vpl/2021.4.0/lib]
  collapse library dir [/glob/development-tools/versions/oneapi/2021.3/inteloneapi/mpi/2021.2.0//libfabric/lib/../lib] ==> [/glob/development-tools/versions/oneapi/2021.3/inteloneapi/mpi/2021.2.0/libfabric/lib]
  collapse library dir [/glob/development-tools/versions/oneapi/2021.3/inteloneapi/mpi/2021.2.0//lib/../lib] ==> [/glob/development-tools/versions/oneapi/2021.3/inteloneapi/mpi/2021.2.0/lib]
  collapse library dir [/glob/development-tools/versions/oneapi/2021.3/inteloneapi/dnnl/2021.3.0/cpu_dpcpp_gpu_dpcpp/lib/../lib] ==> [/glob/development-tools/versions/oneapi/2021.3/inteloneapi/dnnl/2021.3.0/cpu_dpcpp_gpu_dpcpp/lib]
  collapse library dir [/glob/development-tools/versions/oneapi/2021.3/inteloneapi/compiler/2021.3.0/linux/lib/../lib] ==> [/glob/development-tools/versions/oneapi/2021.3/inteloneapi/compiler/2021.3.0/linux/lib]
  collapse library dir [/usr/lib/gcc/x86_64-linux-gnu/7] ==> [/usr/lib/gcc/x86_64-linux-gnu/7]
  collapse library dir [/usr/lib/gcc/x86_64-linux-gnu/7/../../../x86_64-linux-gnu] ==> [/usr/lib/x86_64-linux-gnu]
  collapse library dir [/usr/lib/gcc/x86_64-linux-gnu/7/../../../../lib] ==> [/usr/lib]
  collapse library dir [/lib/x86_64-linux-gnu] ==> [/lib/x86_64-linux-gnu]
  collapse library dir [/lib/../lib] ==> [/lib]
  collapse library dir [/usr/lib/x86_64-linux-gnu] ==> [/usr/lib/x86_64-linux-gnu]
  collapse library dir [/usr/lib/../lib] ==> [/usr/lib]
  collapse library dir [/opt/intel/openvino/data_processing/dl_streamer/lib] ==> [/opt/intel/openvino/data_processing/dl_streamer/lib]
  collapse library dir [/opt/intel/openvino/data_processing/gstreamer/lib] ==> [/opt/intel/openvino/data_processing/gstreamer/lib]
  collapse library dir [/glob/development-tools/versions/oneapi/2021.3/inteloneapi/vpl/2021.4.0/lib] ==> [/glob/development-tools/versions/oneapi/2021.3/inteloneapi/vpl/2021.4.0/lib]
  collapse library dir [/glob/development-tools/versions/oneapi/2021.3/inteloneapi/tbb/2021.3.0/env/../lib/intel64/gcc4.8] ==> [/glob/development-tools/versions/oneapi/2021.3/inteloneapi/tbb/2021.3.0/lib/intel64/gcc4.8]
  collapse library dir [/glob/development-tools/versions/oneapi/2021.3/inteloneapi/mpi/2021.2.0//libfabric/lib] ==> [/glob/development-tools/versions/oneapi/2021.3/inteloneapi/mpi/2021.2.0/libfabric/lib]
  collapse library dir [/glob/development-tools/versions/oneapi/2021.3/inteloneapi/mpi/2021.2.0//lib/release] ==> [/glob/development-tools/versions/oneapi/2021.3/inteloneapi/mpi/2021.2.0/lib/release]
  collapse library dir [/glob/development-tools/versions/oneapi/2021.3/inteloneapi/mpi/2021.2.0//lib] ==> [/glob/development-tools/versions/oneapi/2021.3/inteloneapi/mpi/2021.2.0/lib]
  collapse library dir [/glob/development-tools/versions/oneapi/2021.3/inteloneapi/mkl/2021.3.0/lib/intel64] ==> [/glob/development-tools/versions/oneapi/2021.3/inteloneapi/mkl/2021.3.0/lib/intel64]
  collapse library dir [/glob/development-tools/versions/oneapi/2021.3/inteloneapi/ipp/2021.3.0/lib/intel64] ==> [/glob/development-tools/versions/oneapi/2021.3/inteloneapi/ipp/2021.3.0/lib/intel64]
  collapse library dir [/glob/development-tools/versions/oneapi/2021.3/inteloneapi/ippcp/2021.3.0/lib/intel64] ==> [/glob/development-tools/versions/oneapi/2021.3/inteloneapi/ippcp/2021.3.0/lib/intel64]
  collapse library dir [/glob/development-tools/versions/oneapi/2021.3/inteloneapi/ipp/2021.3.0/lib/intel64] ==> [/glob/development-tools/versions/oneapi/2021.3/inteloneapi/ipp/2021.3.0/lib/intel64]
  collapse library dir [/glob/development-tools/versions/oneapi/2021.3/inteloneapi/dnnl/2021.3.0/cpu_dpcpp_gpu_dpcpp/lib] ==> [/glob/development-tools/versions/oneapi/2021.3/inteloneapi/dnnl/2021.3.0/cpu_dpcpp_gpu_dpcpp/lib]
  collapse library dir [/glob/development-tools/versions/oneapi/2021.3/inteloneapi/dal/2021.3.0/lib/intel64] ==> [/glob/development-tools/versions/oneapi/2021.3/inteloneapi/dal/2021.3.0/lib/intel64]
  collapse library dir [/glob/development-tools/versions/oneapi/2021.3/inteloneapi/compiler/2021.3.0/linux/compiler/lib/intel64_lin] ==> [/glob/development-tools/versions/oneapi/2021.3/inteloneapi/compiler/2021.3.0/linux/compiler/lib/intel64_lin]
  collapse library dir [/glob/development-tools/versions/oneapi/2021.3/inteloneapi/compiler/2021.3.0/linux/lib] ==> [/glob/development-tools/versions/oneapi/2021.3/inteloneapi/compiler/2021.3.0/linux/lib]
  collapse library dir [/glob/development-tools/versions/oneapi/2021.3/inteloneapi/clck/2021.3.0/lib/intel64] ==> [/glob/development-tools/versions/oneapi/2021.3/inteloneapi/clck/2021.3.0/lib/intel64]
  collapse library dir [/glob/development-tools/versions/oneapi/2021.3/inteloneapi/ccl/2021.3.0/lib/cpu_gpu_dpcpp] ==> [/glob/development-tools/versions/oneapi/2021.3/inteloneapi/ccl/2021.3.0/lib/cpu_gpu_dpcpp]
  collapse library dir [/usr/lib/gcc/x86_64-linux-gnu/7/../../..] ==> [/usr/lib]
  implicit libs: [gcc;gcc_s;c;gcc;gcc_s]
  implicit dirs: [/opt/intel/openvino/data_processing/dl_streamer/lib;/opt/intel/openvino/data_processing/gstreamer/lib;/glob/development-tools/versions/oneapi/2021.3/inteloneapi/vpl/2021.4.0/lib;/glob/development-tools/versions/oneapi/2021.3/inteloneapi/mpi/2021.2.0/libfabric/lib;/glob/development-tools/versions/oneapi/2021.3/inteloneapi/mpi/2021.2.0/lib;/glob/development-tools/versions/oneapi/2021.3/inteloneapi/dnnl/2021.3.0/cpu_dpcpp_gpu_dpcpp/lib;/glob/development-tools/versions/oneapi/2021.3/inteloneapi/compiler/2021.3.0/linux/lib;/usr/lib/gcc/x86_64-linux-gnu/7;/usr/lib/x86_64-linux-gnu;/usr/lib;/lib/x86_64-linux-gnu;/lib;/glob/development-tools/versions/oneapi/2021.3/inteloneapi/tbb/2021.3.0/lib/intel64/gcc4.8;/glob/development-tools/versions/oneapi/2021.3/inteloneapi/mpi/2021.2.0/lib/release;/glob/development-tools/versions/oneapi/2021.3/inteloneapi/mkl/2021.3.0/lib/intel64;/glob/development-tools/versions/oneapi/2021.3/inteloneapi/ipp/2021.3.0/lib/intel64;/glob/development-tools/versions/oneapi/2021.3/inteloneapi/ippcp/2021.3.0/lib/intel64;/glob/development-tools/versions/oneapi/2021.3/inteloneapi/dal/2021.3.0/lib/intel64;/glob/development-tools/versions/oneapi/2021.3/inteloneapi/compiler/2021.3.0/linux/compiler/lib/intel64_lin;/glob/development-tools/versions/oneapi/2021.3/inteloneapi/clck/2021.3.0/lib/intel64;/glob/development-tools/versions/oneapi/2021.3/inteloneapi/ccl/2021.3.0/lib/cpu_gpu_dpcpp]
  implicit fwks: []




Detecting C [-std=c11] compiler features compiled with the following output:
Change Dir: /home/u75983/dpcpp-tutorial/matrix-multi/newbuild/CMakeFiles/CMakeTmp

Run Build Command:"/usr/bin/make" "cmTC_33b08/fast"
/usr/bin/make -f CMakeFiles/cmTC_33b08.dir/build.make CMakeFiles/cmTC_33b08.dir/build
make[1]: Entering directory '/home/u75983/dpcpp-tutorial/matrix-multi/newbuild/CMakeFiles/CMakeTmp'
Building C object CMakeFiles/cmTC_33b08.dir/feature_tests.c.o
/usr/bin/cc   -std=c11 -o CMakeFiles/cmTC_33b08.dir/feature_tests.c.o   -c /home/u75983/dpcpp-tutorial/matrix-multi/newbuild/CMakeFiles/feature_tests.c
Linking C executable cmTC_33b08
/usr/bin/cmake -E cmake_link_script CMakeFiles/cmTC_33b08.dir/link.txt --verbose=1
/usr/bin/cc      -rdynamic CMakeFiles/cmTC_33b08.dir/feature_tests.c.o  -o cmTC_33b08 
make[1]: Leaving directory '/home/u75983/dpcpp-tutorial/matrix-multi/newbuild/CMakeFiles/CMakeTmp'


    Feature record: C_FEATURE:1c_function_prototypes
    Feature record: C_FEATURE:1c_restrict
    Feature record: C_FEATURE:1c_static_assert
    Feature record: C_FEATURE:1c_variadic_macros


Detecting C [-std=c99] compiler features compiled with the following output:
Change Dir: /home/u75983/dpcpp-tutorial/matrix-multi/newbuild/CMakeFiles/CMakeTmp

Run Build Command:"/usr/bin/make" "cmTC_60daf/fast"
/usr/bin/make -f CMakeFiles/cmTC_60daf.dir/build.make CMakeFiles/cmTC_60daf.dir/build
make[1]: Entering directory '/home/u75983/dpcpp-tutorial/matrix-multi/newbuild/CMakeFiles/CMakeTmp'
Building C object CMakeFiles/cmTC_60daf.dir/feature_tests.c.o
/usr/bin/cc   -std=c99 -o CMakeFiles/cmTC_60daf.dir/feature_tests.c.o   -c /home/u75983/dpcpp-tutorial/matrix-multi/newbuild/CMakeFiles/feature_tests.c
Linking C executable cmTC_60daf
/usr/bin/cmake -E cmake_link_script CMakeFiles/cmTC_60daf.dir/link.txt --verbose=1
/usr/bin/cc      -rdynamic CMakeFiles/cmTC_60daf.dir/feature_tests.c.o  -o cmTC_60daf 
make[1]: Leaving directory '/home/u75983/dpcpp-tutorial/matrix-multi/newbuild/CMakeFiles/CMakeTmp'


    Feature record: C_FEATURE:1c_function_prototypes
    Feature record: C_FEATURE:1c_restrict
    Feature record: C_FEATURE:0c_static_assert
    Feature record: C_FEATURE:1c_variadic_macros


Detecting C [-std=c90] compiler features compiled with the following output:
Change Dir: /home/u75983/dpcpp-tutorial/matrix-multi/newbuild/CMakeFiles/CMakeTmp

Run Build Command:"/usr/bin/make" "cmTC_981ff/fast"
/usr/bin/make -f CMakeFiles/cmTC_981ff.dir/build.make CMakeFiles/cmTC_981ff.dir/build
make[1]: Entering directory '/home/u75983/dpcpp-tutorial/matrix-multi/newbuild/CMakeFiles/CMakeTmp'
Building C object CMakeFiles/cmTC_981ff.dir/feature_tests.c.o
/usr/bin/cc   -std=c90 -o CMakeFiles/cmTC_981ff.dir/feature_tests.c.o   -c /home/u75983/dpcpp-tutorial/matrix-multi/newbuild/CMakeFiles/feature_tests.c
Linking C executable cmTC_981ff
/usr/bin/cmake -E cmake_link_script CMakeFiles/cmTC_981ff.dir/link.txt --verbose=1
/usr/bin/cc      -rdynamic CMakeFiles/cmTC_981ff.dir/feature_tests.c.o  -o cmTC_981ff 
make[1]: Leaving directory '/home/u75983/dpcpp-tutorial/matrix-multi/newbuild/CMakeFiles/CMakeTmp'


    Feature record: C_FEATURE:1c_function_prototypes
    Feature record: C_FEATURE:0c_restrict
    Feature record: C_FEATURE:0c_static_assert
    Feature record: C_FEATURE:0c_variadic_macros
Determining if the CXX compiler works passed with the following output:
Change Dir: /home/u75983/dpcpp-tutorial/matrix-multi/newbuild/CMakeFiles/CMakeTmp

Run Build Command:"/usr/bin/make" "cmTC_75e93/fast"
/usr/bin/make -f CMakeFiles/cmTC_75e93.dir/build.make CMakeFiles/cmTC_75e93.dir/build
make[1]: Entering directory '/home/u75983/dpcpp-tutorial/matrix-multi/newbuild/CMakeFiles/CMakeTmp'
Building CXX object CMakeFiles/cmTC_75e93.dir/testCXXCompiler.cxx.o
/glob/development-tools/versions/oneapi/2021.3/inteloneapi/compiler/2021.3.0/linux/bin/dpcpp     -o CMakeFiles/cmTC_75e93.dir/testCXXCompiler.cxx.o -c /home/u75983/dpcpp-tutorial/matrix-multi/newbuild/CMakeFiles/CMakeTmp/testCXXCompiler.cxx
Linking CXX executable cmTC_75e93
/usr/bin/cmake -E cmake_link_script CMakeFiles/cmTC_75e93.dir/link.txt --verbose=1
/glob/development-tools/versions/oneapi/2021.3/inteloneapi/compiler/2021.3.0/linux/bin/dpcpp       -rdynamic CMakeFiles/cmTC_75e93.dir/testCXXCompiler.cxx.o  -o cmTC_75e93 
make[1]: Leaving directory '/home/u75983/dpcpp-tutorial/matrix-multi/newbuild/CMakeFiles/CMakeTmp'


Detecting CXX compiler ABI info compiled with the following output:
Change Dir: /home/u75983/dpcpp-tutorial/matrix-multi/newbuild/CMakeFiles/CMakeTmp

Run Build Command:"/usr/bin/make" "cmTC_0b684/fast"
/usr/bin/make -f CMakeFiles/cmTC_0b684.dir/build.make CMakeFiles/cmTC_0b684.dir/build
make[1]: Entering directory '/home/u75983/dpcpp-tutorial/matrix-multi/newbuild/CMakeFiles/CMakeTmp'
Building CXX object CMakeFiles/cmTC_0b684.dir/CMakeCXXCompilerABI.cpp.o
/glob/development-tools/versions/oneapi/2021.3/inteloneapi/compiler/2021.3.0/linux/bin/dpcpp     -o CMakeFiles/cmTC_0b684.dir/CMakeCXXCompilerABI.cpp.o -c /usr/share/cmake-3.10/Modules/CMakeCXXCompilerABI.cpp
Linking CXX executable cmTC_0b684
/usr/bin/cmake -E cmake_link_script CMakeFiles/cmTC_0b684.dir/link.txt --verbose=1
/glob/development-tools/versions/oneapi/2021.3/inteloneapi/compiler/2021.3.0/linux/bin/dpcpp      -v -rdynamic CMakeFiles/cmTC_0b684.dir/CMakeCXXCompilerABI.cpp.o  -o cmTC_0b684 
Intel(R) oneAPI DPC++/C++ Compiler 2021.3.0 (2021.3.0.20210619)
Target: x86_64-unknown-linux-gnu
Thread model: posix
InstalledDir: /glob/development-tools/versions/oneapi/2021.3/inteloneapi/compiler/2021.3.0/linux/bin
Found candidate GCC installation: /usr/lib/gcc/x86_64-linux-gnu/7
Found candidate GCC installation: /usr/lib/gcc/x86_64-linux-gnu/7.4.0
Found candidate GCC installation: /usr/lib/gcc/x86_64-linux-gnu/8
Selected GCC installation: /usr/lib/gcc/x86_64-linux-gnu/7.4.0
Candidate multilib: .;@m64
Selected multilib: .;@m64
 "/glob/development-tools/versions/oneapi/2021.3/inteloneapi/compiler/2021.3.0/linux/bin/clang-offload-bundler" -type=o -targets=host-x86_64-unknown-linux-gnu,sycl-spir64-unknown-unknown-sycldevice -inputs=CMakeFiles/cmTC_0b684.dir/CMakeCXXCompilerABI.cpp.o -outputs=/home/u75983/tmp/CMakeCXXCompilerABI-03563b.o,/home/u75983/tmp/CMakeCXXCompilerABI-d28119.o -unbundle -allow-missing-bundles
 "/glob/development-tools/versions/oneapi/2021.3/inteloneapi/compiler/2021.3.0/linux/bin/llvm-link" /home/u75983/tmp/CMakeCXXCompilerABI-d28119.o -o /home/u75983/tmp/CMakeCXXCompilerABI-44106c.bc --suppress-warnings
 "/glob/development-tools/versions/oneapi/2021.3/inteloneapi/compiler/2021.3.0/linux/bin/clang-offload-bundler" -type=o -targets=sycl-spir64-unknown-unknown-sycldevice -inputs=/glob/development-tools/versions/oneapi/2021.3/inteloneapi/compiler/2021.3.0/linux/bin/../lib/libsycl-crt.o -outputs=/home/u75983/tmp/libsycl-crt-89fd3b.o -unbundle -allow-missing-bundles
 "/glob/development-tools/versions/oneapi/2021.3/inteloneapi/compiler/2021.3.0/linux/bin/clang-offload-bundler" -type=o -targets=sycl-spir64-unknown-unknown-sycldevice -inputs=/glob/development-tools/versions/oneapi/2021.3/inteloneapi/compiler/2021.3.0/linux/bin/../lib/libsycl-complex.o -outputs=/home/u75983/tmp/libsycl-complex-1be8a2.o -unbundle -allow-missing-bundles
 "/glob/development-tools/versions/oneapi/2021.3/inteloneapi/compiler/2021.3.0/linux/bin/clang-offload-bundler" -type=o -targets=sycl-spir64-unknown-unknown-sycldevice -inputs=/glob/development-tools/versions/oneapi/2021.3/inteloneapi/compiler/2021.3.0/linux/bin/../lib/libsycl-complex-fp64.o -outputs=/home/u75983/tmp/libsycl-complex-fp64-bb5018.o -unbundle -allow-missing-bundles
 "/glob/development-tools/versions/oneapi/2021.3/inteloneapi/compiler/2021.3.0/linux/bin/clang-offload-bundler" -type=o -targets=sycl-spir64-unknown-unknown-sycldevice -inputs=/glob/development-tools/versions/oneapi/2021.3/inteloneapi/compiler/2021.3.0/linux/bin/../lib/libsycl-cmath.o -outputs=/home/u75983/tmp/libsycl-cmath-cea40b.o -unbundle -allow-missing-bundles
 "/glob/development-tools/versions/oneapi/2021.3/inteloneapi/compiler/2021.3.0/linux/bin/clang-offload-bundler" -type=o -targets=sycl-spir64-unknown-unknown-sycldevice -inputs=/glob/development-tools/versions/oneapi/2021.3/inteloneapi/compiler/2021.3.0/linux/bin/../lib/libsycl-cmath-fp64.o -outputs=/home/u75983/tmp/libsycl-cmath-fp64-d40e56.o -unbundle -allow-missing-bundles
 "/glob/development-tools/versions/oneapi/2021.3/inteloneapi/compiler/2021.3.0/linux/bin/clang-offload-bundler" -type=o -targets=sycl-spir64-unknown-unknown-sycldevice -inputs=/glob/development-tools/versions/oneapi/2021.3/inteloneapi/compiler/2021.3.0/linux/bin/../lib/libsycl-fallback-cassert.o -outputs=/home/u75983/tmp/libsycl-fallback-cassert-bdfab3.o -unbundle -allow-missing-bundles
 "/glob/development-tools/versions/oneapi/2021.3/inteloneapi/compiler/2021.3.0/linux/bin/clang-offload-bundler" -type=o -targets=sycl-spir64-unknown-unknown-sycldevice -inputs=/glob/development-tools/versions/oneapi/2021.3/inteloneapi/compiler/2021.3.0/linux/bin/../lib/libsycl-fallback-complex.o -outputs=/home/u75983/tmp/libsycl-fallback-complex-5ce349.o -unbundle -allow-missing-bundles
 "/glob/development-tools/versions/oneapi/2021.3/inteloneapi/compiler/2021.3.0/linux/bin/clang-offload-bundler" -type=o -targets=sycl-spir64-unknown-unknown-sycldevice -inputs=/glob/development-tools/versions/oneapi/2021.3/inteloneapi/compiler/2021.3.0/linux/bin/../lib/libsycl-fallback-complex-fp64.o -outputs=/home/u75983/tmp/libsycl-fallback-complex-fp64-5f4a05.o -unbundle -allow-missing-bundles
 "/glob/development-tools/versions/oneapi/2021.3/inteloneapi/compiler/2021.3.0/linux/bin/clang-offload-bundler" -type=o -targets=sycl-spir64-unknown-unknown-sycldevice -inputs=/glob/development-tools/versions/oneapi/2021.3/inteloneapi/compiler/2021.3.0/linux/bin/../lib/libsycl-fallback-cmath.o -outputs=/home/u75983/tmp/libsycl-fallback-cmath-2c4c04.o -unbundle -allow-missing-bundles
 "/glob/development-tools/versions/oneapi/2021.3/inteloneapi/compiler/2021.3.0/linux/bin/clang-offload-bundler" -type=o -targets=sycl-spir64-unknown-unknown-sycldevice -inputs=/glob/development-tools/versions/oneapi/2021.3/inteloneapi/compiler/2021.3.0/linux/bin/../lib/libsycl-fallback-cmath-fp64.o -outputs=/home/u75983/tmp/libsycl-fallback-cmath-fp64-7d87bd.o -unbundle -allow-missing-bundles
 "/glob/development-tools/versions/oneapi/2021.3/inteloneapi/compiler/2021.3.0/linux/bin/llvm-link" -only-needed /home/u75983/tmp/CMakeCXXCompilerABI-44106c.bc /home/u75983/tmp/libsycl-crt-89fd3b.o /home/u75983/tmp/libsycl-complex-1be8a2.o /home/u75983/tmp/libsycl-complex-fp64-bb5018.o /home/u75983/tmp/libsycl-cmath-cea40b.o /home/u75983/tmp/libsycl-cmath-fp64-d40e56.o /home/u75983/tmp/libsycl-fallback-cassert-bdfab3.o /home/u75983/tmp/libsycl-fallback-complex-5ce349.o /home/u75983/tmp/libsycl-fallback-complex-fp64-5f4a05.o /home/u75983/tmp/libsycl-fallback-cmath-2c4c04.o /home/u75983/tmp/libsycl-fallback-cmath-fp64-7d87bd.o -o /home/u75983/tmp/CMakeCXXCompilerABI-d6bd06.bc --suppress-warnings
 "/glob/development-tools/versions/oneapi/2021.3/inteloneapi/compiler/2021.3.0/linux/bin/sycl-post-link" -split=auto -symbols -split-esimd -lower-esimd -O2 -spec-const=rt -o /home/u75983/tmp/CMakeCXXCompilerABI-052e87.table /home/u75983/tmp/CMakeCXXCompilerABI-d6bd06.bc
 "/glob/development-tools/versions/oneapi/2021.3/inteloneapi/compiler/2021.3.0/linux/bin/file-table-tform" -extract=Code -drop_titles -o /home/u75983/tmp/CMakeCXXCompilerABI-7d6b76.txt /home/u75983/tmp/CMakeCXXCompilerABI-052e87.table
 "/glob/development-tools/versions/oneapi/2021.3/inteloneapi/compiler/2021.3.0/linux/bin/llvm-foreach" --in-file-list=/home/u75983/tmp/CMakeCXXCompilerABI-7d6b76.txt --in-replace=/home/u75983/tmp/CMakeCXXCompilerABI-7d6b76.txt --out-ext=spv --out-file-list=/home/u75983/tmp/CMakeCXXCompilerABI-192552.txt --out-replace=/home/u75983/tmp/CMakeCXXCompilerABI-192552.txt -- /glob/development-tools/versions/oneapi/2021.3/inteloneapi/compiler/2021.3.0/linux/bin/llvm-spirv -o /home/u75983/tmp/CMakeCXXCompilerABI-192552.txt -spirv-max-version=1.3 -spirv-debug-info-version=legacy -spirv-allow-extra-diexpressions -spirv-allow-unknown-intrinsics=llvm.genx. -spirv-ext=+all,-SPV_INTEL_usm_storage_classes,-SPV_KHR_linkonce_odr /home/u75983/tmp/CMakeCXXCompilerABI-7d6b76.txt
 "/glob/development-tools/versions/oneapi/2021.3/inteloneapi/compiler/2021.3.0/linux/bin/file-table-tform" -replace=Code,Code -o /home/u75983/tmp/CMakeCXXCompilerABI-9df14b.table /home/u75983/tmp/CMakeCXXCompilerABI-052e87.table /home/u75983/tmp/CMakeCXXCompilerABI-192552.txt
 "/glob/development-tools/versions/oneapi/2021.3/inteloneapi/compiler/2021.3.0/linux/bin/clang-offload-wrapper" -o=/home/u75983/tmp/wrapper-0f72d0.bc -host=x86_64-unknown-linux-gnu -target=spir64 -kind=sycl -batch /home/u75983/tmp/CMakeCXXCompilerABI-9df14b.table
 "/glob/development-tools/versions/oneapi/2021.3/inteloneapi/compiler/2021.3.0/linux/bin/llc" -filetype=obj -o /home/u75983/tmp/cmTC_0b684-wrapper-f21af2.o /home/u75983/tmp/wrapper-0f72d0.bc
 "/usr/bin/ld" -export-dynamic -z relro --hash-style=gnu --eh-frame-hdr -m elf_x86_64 -export-dynamic -dynamic-linker /lib64/ld-linux-x86-64.so.2 -o cmTC_0b684 /usr/lib/x86_64-linux-gnu/crt1.o /usr/lib/x86_64-linux-gnu/crti.o /usr/lib/gcc/x86_64-linux-gnu/7.4.0/crtbegin.o -L/glob/development-tools/versions/oneapi/2021.3/inteloneapi/compiler/2021.3.0/linux/bin/../compiler/lib/intel64_lin -L/glob/development-tools/versions/oneapi/2021.3/inteloneapi/compiler/2021.3.0/linux/bin/../lib -L/glob/development-tools/versions/oneapi/2021.3/inteloneapi/compiler/2021.3.0/linux/bin/../compiler/lib/intel64_lin -L/usr/lib/gcc/x86_64-linux-gnu/7.4.0 -L/lib/x86_64-linux-gnu -L/lib/../lib64 -L/usr/lib/x86_64-linux-gnu -L/usr/lib/gcc/x86_64-linux-gnu/7.4.0/../../.. -L/glob/development-tools/versions/oneapi/2021.3/inteloneapi/compiler/2021.3.0/linux/bin/../lib -L/lib -L/usr/lib -L/opt/intel/openvino/data_processing/dl_streamer/lib -L/opt/intel/openvino/data_processing/gstreamer/lib -L/glob/development-tools/versions/oneapi/2021.3/inteloneapi/vpl/2021.4.0/lib -L/glob/development-tools/versions/oneapi/2021.3/inteloneapi/tbb/2021.3.0/env/../lib/intel64/gcc4.8 -L/glob/development-tools/versions/oneapi/2021.3/inteloneapi/mpi/2021.2.0//libfabric/lib -L/glob/development-tools/versions/oneapi/2021.3/inteloneapi/mpi/2021.2.0//lib/release -L/glob/development-tools/versions/oneapi/2021.3/inteloneapi/mpi/2021.2.0//lib -L/glob/development-tools/versions/oneapi/2021.3/inteloneapi/mkl/2021.3.0/lib/intel64 -L/glob/development-tools/versions/oneapi/2021.3/inteloneapi/ipp/2021.3.0/lib/intel64 -L/glob/development-tools/versions/oneapi/2021.3/inteloneapi/ippcp/2021.3.0/lib/intel64 -L/glob/development-tools/versions/oneapi/2021.3/inteloneapi/ipp/2021.3.0/lib/intel64 -L/glob/development-tools/versions/oneapi/2021.3/inteloneapi/dnnl/2021.3.0/cpu_dpcpp_gpu_dpcpp/lib -L/glob/development-tools/versions/oneapi/2021.3/inteloneapi/dal/2021.3.0/lib/intel64 -L/glob/development-tools/versions/oneapi/2021.3/inteloneapi/compiler/2021.3.0/linux/compiler/lib/intel64_lin -L/glob/development-tools/versions/oneapi/2021.3/inteloneapi/compiler/2021.3.0/linux/lib -L/glob/development-tools/versions/oneapi/2021.3/inteloneapi/clck/2021.3.0/lib/intel64 -L/glob/development-tools/versions/oneapi/2021.3/inteloneapi/ccl/2021.3.0/lib/cpu_gpu_dpcpp /home/u75983/tmp/CMakeCXXCompilerABI-03563b.o /home/u75983/tmp/cmTC_0b684-wrapper-f21af2.o -Bstatic -lsvml -Bdynamic -Bstatic -lirng -Bdynamic -lstdc++ -limf -lm -lgcc_s -lgcc -Bstatic -lirc -Bdynamic -ldl -lgcc_s -lgcc -lsycl -lc -lgcc_s -lgcc -Bstatic -lirc_s -Bdynamic /usr/lib/gcc/x86_64-linux-gnu/7.4.0/crtend.o /usr/lib/x86_64-linux-gnu/crtn.o
make[1]: Leaving directory '/home/u75983/dpcpp-tutorial/matrix-multi/newbuild/CMakeFiles/CMakeTmp'


Parsed CXX implicit link information from above output:
  link line regex: [^( *|.*[/\])(ld|CMAKE_LINK_STARTFILE-NOTFOUND|([^/\]+-)?ld|collect2)[^/\]*( |$)]
  ignore line: [Change Dir: /home/u75983/dpcpp-tutorial/matrix-multi/newbuild/CMakeFiles/CMakeTmp]
  ignore line: []
  ignore line: [Run Build Command:"/usr/bin/make" "cmTC_0b684/fast"]
  ignore line: [/usr/bin/make -f CMakeFiles/cmTC_0b684.dir/build.make CMakeFiles/cmTC_0b684.dir/build]
  ignore line: [make[1]: Entering directory '/home/u75983/dpcpp-tutorial/matrix-multi/newbuild/CMakeFiles/CMakeTmp']
  ignore line: [Building CXX object CMakeFiles/cmTC_0b684.dir/CMakeCXXCompilerABI.cpp.o]
  ignore line: [/glob/development-tools/versions/oneapi/2021.3/inteloneapi/compiler/2021.3.0/linux/bin/dpcpp     -o CMakeFiles/cmTC_0b684.dir/CMakeCXXCompilerABI.cpp.o -c /usr/share/cmake-3.10/Modules/CMakeCXXCompilerABI.cpp]
  ignore line: [Linking CXX executable cmTC_0b684]
  ignore line: [/usr/bin/cmake -E cmake_link_script CMakeFiles/cmTC_0b684.dir/link.txt --verbose=1]
  ignore line: [/glob/development-tools/versions/oneapi/2021.3/inteloneapi/compiler/2021.3.0/linux/bin/dpcpp      -v -rdynamic CMakeFiles/cmTC_0b684.dir/CMakeCXXCompilerABI.cpp.o  -o cmTC_0b684 ]
  ignore line: [Intel(R) oneAPI DPC++/C++ Compiler 2021.3.0 (2021.3.0.20210619)]
  ignore line: [Target: x86_64-unknown-linux-gnu]
  ignore line: [Thread model: posix]
  ignore line: [InstalledDir: /glob/development-tools/versions/oneapi/2021.3/inteloneapi/compiler/2021.3.0/linux/bin]
  ignore line: [Found candidate GCC installation: /usr/lib/gcc/x86_64-linux-gnu/7]
  ignore line: [Found candidate GCC installation: /usr/lib/gcc/x86_64-linux-gnu/7.4.0]
  ignore line: [Found candidate GCC installation: /usr/lib/gcc/x86_64-linux-gnu/8]
  ignore line: [Selected GCC installation: /usr/lib/gcc/x86_64-linux-gnu/7.4.0]
  ignore line: [Candidate multilib: .]
  ignore line: [@m64]
  ignore line: [Selected multilib: .]
  ignore line: [@m64]
  ignore line: [ "/glob/development-tools/versions/oneapi/2021.3/inteloneapi/compiler/2021.3.0/linux/bin/clang-offload-bundler" -type=o -targets=host-x86_64-unknown-linux-gnu,sycl-spir64-unknown-unknown-sycldevice -inputs=CMakeFiles/cmTC_0b684.dir/CMakeCXXCompilerABI.cpp.o -outputs=/home/u75983/tmp/CMakeCXXCompilerABI-03563b.o,/home/u75983/tmp/CMakeCXXCompilerABI-d28119.o -unbundle -allow-missing-bundles]
  ignore line: [ "/glob/development-tools/versions/oneapi/2021.3/inteloneapi/compiler/2021.3.0/linux/bin/llvm-link" /home/u75983/tmp/CMakeCXXCompilerABI-d28119.o -o /home/u75983/tmp/CMakeCXXCompilerABI-44106c.bc --suppress-warnings]
  ignore line: [ "/glob/development-tools/versions/oneapi/2021.3/inteloneapi/compiler/2021.3.0/linux/bin/clang-offload-bundler" -type=o -targets=sycl-spir64-unknown-unknown-sycldevice -inputs=/glob/development-tools/versions/oneapi/2021.3/inteloneapi/compiler/2021.3.0/linux/bin/../lib/libsycl-crt.o -outputs=/home/u75983/tmp/libsycl-crt-89fd3b.o -unbundle -allow-missing-bundles]
  ignore line: [ "/glob/development-tools/versions/oneapi/2021.3/inteloneapi/compiler/2021.3.0/linux/bin/clang-offload-bundler" -type=o -targets=sycl-spir64-unknown-unknown-sycldevice -inputs=/glob/development-tools/versions/oneapi/2021.3/inteloneapi/compiler/2021.3.0/linux/bin/../lib/libsycl-complex.o -outputs=/home/u75983/tmp/libsycl-complex-1be8a2.o -unbundle -allow-missing-bundles]
  ignore line: [ "/glob/development-tools/versions/oneapi/2021.3/inteloneapi/compiler/2021.3.0/linux/bin/clang-offload-bundler" -type=o -targets=sycl-spir64-unknown-unknown-sycldevice -inputs=/glob/development-tools/versions/oneapi/2021.3/inteloneapi/compiler/2021.3.0/linux/bin/../lib/libsycl-complex-fp64.o -outputs=/home/u75983/tmp/libsycl-complex-fp64-bb5018.o -unbundle -allow-missing-bundles]
  ignore line: [ "/glob/development-tools/versions/oneapi/2021.3/inteloneapi/compiler/2021.3.0/linux/bin/clang-offload-bundler" -type=o -targets=sycl-spir64-unknown-unknown-sycldevice -inputs=/glob/development-tools/versions/oneapi/2021.3/inteloneapi/compiler/2021.3.0/linux/bin/../lib/libsycl-cmath.o -outputs=/home/u75983/tmp/libsycl-cmath-cea40b.o -unbundle -allow-missing-bundles]
  ignore line: [ "/glob/development-tools/versions/oneapi/2021.3/inteloneapi/compiler/2021.3.0/linux/bin/clang-offload-bundler" -type=o -targets=sycl-spir64-unknown-unknown-sycldevice -inputs=/glob/development-tools/versions/oneapi/2021.3/inteloneapi/compiler/2021.3.0/linux/bin/../lib/libsycl-cmath-fp64.o -outputs=/home/u75983/tmp/libsycl-cmath-fp64-d40e56.o -unbundle -allow-missing-bundles]
  ignore line: [ "/glob/development-tools/versions/oneapi/2021.3/inteloneapi/compiler/2021.3.0/linux/bin/clang-offload-bundler" -type=o -targets=sycl-spir64-unknown-unknown-sycldevice -inputs=/glob/development-tools/versions/oneapi/2021.3/inteloneapi/compiler/2021.3.0/linux/bin/../lib/libsycl-fallback-cassert.o -outputs=/home/u75983/tmp/libsycl-fallback-cassert-bdfab3.o -unbundle -allow-missing-bundles]
  ignore line: [ "/glob/development-tools/versions/oneapi/2021.3/inteloneapi/compiler/2021.3.0/linux/bin/clang-offload-bundler" -type=o -targets=sycl-spir64-unknown-unknown-sycldevice -inputs=/glob/development-tools/versions/oneapi/2021.3/inteloneapi/compiler/2021.3.0/linux/bin/../lib/libsycl-fallback-complex.o -outputs=/home/u75983/tmp/libsycl-fallback-complex-5ce349.o -unbundle -allow-missing-bundles]
  ignore line: [ "/glob/development-tools/versions/oneapi/2021.3/inteloneapi/compiler/2021.3.0/linux/bin/clang-offload-bundler" -type=o -targets=sycl-spir64-unknown-unknown-sycldevice -inputs=/glob/development-tools/versions/oneapi/2021.3/inteloneapi/compiler/2021.3.0/linux/bin/../lib/libsycl-fallback-complex-fp64.o -outputs=/home/u75983/tmp/libsycl-fallback-complex-fp64-5f4a05.o -unbundle -allow-missing-bundles]
  ignore line: [ "/glob/development-tools/versions/oneapi/2021.3/inteloneapi/compiler/2021.3.0/linux/bin/clang-offload-bundler" -type=o -targets=sycl-spir64-unknown-unknown-sycldevice -inputs=/glob/development-tools/versions/oneapi/2021.3/inteloneapi/compiler/2021.3.0/linux/bin/../lib/libsycl-fallback-cmath.o -outputs=/home/u75983/tmp/libsycl-fallback-cmath-2c4c04.o -unbundle -allow-missing-bundles]
  ignore line: [ "/glob/development-tools/versions/oneapi/2021.3/inteloneapi/compiler/2021.3.0/linux/bin/clang-offload-bundler" -type=o -targets=sycl-spir64-unknown-unknown-sycldevice -inputs=/glob/development-tools/versions/oneapi/2021.3/inteloneapi/compiler/2021.3.0/linux/bin/../lib/libsycl-fallback-cmath-fp64.o -outputs=/home/u75983/tmp/libsycl-fallback-cmath-fp64-7d87bd.o -unbundle -allow-missing-bundles]
  ignore line: [ "/glob/development-tools/versions/oneapi/2021.3/inteloneapi/compiler/2021.3.0/linux/bin/llvm-link" -only-needed /home/u75983/tmp/CMakeCXXCompilerABI-44106c.bc /home/u75983/tmp/libsycl-crt-89fd3b.o /home/u75983/tmp/libsycl-complex-1be8a2.o /home/u75983/tmp/libsycl-complex-fp64-bb5018.o /home/u75983/tmp/libsycl-cmath-cea40b.o /home/u75983/tmp/libsycl-cmath-fp64-d40e56.o /home/u75983/tmp/libsycl-fallback-cassert-bdfab3.o /home/u75983/tmp/libsycl-fallback-complex-5ce349.o /home/u75983/tmp/libsycl-fallback-complex-fp64-5f4a05.o /home/u75983/tmp/libsycl-fallback-cmath-2c4c04.o /home/u75983/tmp/libsycl-fallback-cmath-fp64-7d87bd.o -o /home/u75983/tmp/CMakeCXXCompilerABI-d6bd06.bc --suppress-warnings]
  ignore line: [ "/glob/development-tools/versions/oneapi/2021.3/inteloneapi/compiler/2021.3.0/linux/bin/sycl-post-link" -split=auto -symbols -split-esimd -lower-esimd -O2 -spec-const=rt -o /home/u75983/tmp/CMakeCXXCompilerABI-052e87.table /home/u75983/tmp/CMakeCXXCompilerABI-d6bd06.bc]
  ignore line: [ "/glob/development-tools/versions/oneapi/2021.3/inteloneapi/compiler/2021.3.0/linux/bin/file-table-tform" -extract=Code -drop_titles -o /home/u75983/tmp/CMakeCXXCompilerABI-7d6b76.txt /home/u75983/tmp/CMakeCXXCompilerABI-052e87.table]
  ignore line: [ "/glob/development-tools/versions/oneapi/2021.3/inteloneapi/compiler/2021.3.0/linux/bin/llvm-foreach" --in-file-list=/home/u75983/tmp/CMakeCXXCompilerABI-7d6b76.txt --in-replace=/home/u75983/tmp/CMakeCXXCompilerABI-7d6b76.txt --out-ext=spv --out-file-list=/home/u75983/tmp/CMakeCXXCompilerABI-192552.txt --out-replace=/home/u75983/tmp/CMakeCXXCompilerABI-192552.txt -- /glob/development-tools/versions/oneapi/2021.3/inteloneapi/compiler/2021.3.0/linux/bin/llvm-spirv -o /home/u75983/tmp/CMakeCXXCompilerABI-192552.txt -spirv-max-version=1.3 -spirv-debug-info-version=legacy -spirv-allow-extra-diexpressions -spirv-allow-unknown-intrinsics=llvm.genx. -spirv-ext=+all,-SPV_INTEL_usm_storage_classes,-SPV_KHR_linkonce_odr /home/u75983/tmp/CMakeCXXCompilerABI-7d6b76.txt]
  ignore line: [ "/glob/development-tools/versions/oneapi/2021.3/inteloneapi/compiler/2021.3.0/linux/bin/file-table-tform" -replace=Code,Code -o /home/u75983/tmp/CMakeCXXCompilerABI-9df14b.table /home/u75983/tmp/CMakeCXXCompilerABI-052e87.table /home/u75983/tmp/CMakeCXXCompilerABI-192552.txt]
  ignore line: [ "/glob/development-tools/versions/oneapi/2021.3/inteloneapi/compiler/2021.3.0/linux/bin/clang-offload-wrapper" -o=/home/u75983/tmp/wrapper-0f72d0.bc -host=x86_64-unknown-linux-gnu -target=spir64 -kind=sycl -batch /home/u75983/tmp/CMakeCXXCompilerABI-9df14b.table]
  ignore line: [ "/glob/development-tools/versions/oneapi/2021.3/inteloneapi/compiler/2021.3.0/linux/bin/llc" -filetype=obj -o /home/u75983/tmp/cmTC_0b684-wrapper-f21af2.o /home/u75983/tmp/wrapper-0f72d0.bc]
  link line: [ "/usr/bin/ld" -export-dynamic -z relro --hash-style=gnu --eh-frame-hdr -m elf_x86_64 -export-dynamic -dynamic-linker /lib64/ld-linux-x86-64.so.2 -o cmTC_0b684 /usr/lib/x86_64-linux-gnu/crt1.o /usr/lib/x86_64-linux-gnu/crti.o /usr/lib/gcc/x86_64-linux-gnu/7.4.0/crtbegin.o -L/glob/development-tools/versions/oneapi/2021.3/inteloneapi/compiler/2021.3.0/linux/bin/../compiler/lib/intel64_lin -L/glob/development-tools/versions/oneapi/2021.3/inteloneapi/compiler/2021.3.0/linux/bin/../lib -L/glob/development-tools/versions/oneapi/2021.3/inteloneapi/compiler/2021.3.0/linux/bin/../compiler/lib/intel64_lin -L/usr/lib/gcc/x86_64-linux-gnu/7.4.0 -L/lib/x86_64-linux-gnu -L/lib/../lib64 -L/usr/lib/x86_64-linux-gnu -L/usr/lib/gcc/x86_64-linux-gnu/7.4.0/../../.. -L/glob/development-tools/versions/oneapi/2021.3/inteloneapi/compiler/2021.3.0/linux/bin/../lib -L/lib -L/usr/lib -L/opt/intel/openvino/data_processing/dl_streamer/lib -L/opt/intel/openvino/data_processing/gstreamer/lib -L/glob/development-tools/versions/oneapi/2021.3/inteloneapi/vpl/2021.4.0/lib -L/glob/development-tools/versions/oneapi/2021.3/inteloneapi/tbb/2021.3.0/env/../lib/intel64/gcc4.8 -L/glob/development-tools/versions/oneapi/2021.3/inteloneapi/mpi/2021.2.0//libfabric/lib -L/glob/development-tools/versions/oneapi/2021.3/inteloneapi/mpi/2021.2.0//lib/release -L/glob/development-tools/versions/oneapi/2021.3/inteloneapi/mpi/2021.2.0//lib -L/glob/development-tools/versions/oneapi/2021.3/inteloneapi/mkl/2021.3.0/lib/intel64 -L/glob/development-tools/versions/oneapi/2021.3/inteloneapi/ipp/2021.3.0/lib/intel64 -L/glob/development-tools/versions/oneapi/2021.3/inteloneapi/ippcp/2021.3.0/lib/intel64 -L/glob/development-tools/versions/oneapi/2021.3/inteloneapi/ipp/2021.3.0/lib/intel64 -L/glob/development-tools/versions/oneapi/2021.3/inteloneapi/dnnl/2021.3.0/cpu_dpcpp_gpu_dpcpp/lib -L/glob/development-tools/versions/oneapi/2021.3/inteloneapi/dal/2021.3.0/lib/intel64 -L/glob/development-tools/versions/oneapi/2021.3/inteloneapi/compiler/2021.3.0/linux/compiler/lib/intel64_lin -L/glob/development-tools/versions/oneapi/2021.3/inteloneapi/compiler/2021.3.0/linux/lib -L/glob/development-tools/versions/oneapi/2021.3/inteloneapi/clck/2021.3.0/lib/intel64 -L/glob/development-tools/versions/oneapi/2021.3/inteloneapi/ccl/2021.3.0/lib/cpu_gpu_dpcpp /home/u75983/tmp/CMakeCXXCompilerABI-03563b.o /home/u75983/tmp/cmTC_0b684-wrapper-f21af2.o -Bstatic -lsvml -Bdynamic -Bstatic -lirng -Bdynamic -lstdc++ -limf -lm -lgcc_s -lgcc -Bstatic -lirc -Bdynamic -ldl -lgcc_s -lgcc -lsycl -lc -lgcc_s -lgcc -Bstatic -lirc_s -Bdynamic /usr/lib/gcc/x86_64-linux-gnu/7.4.0/crtend.o /usr/lib/x86_64-linux-gnu/crtn.o]
    arg [/usr/bin/ld] ==> ignore
    arg [-export-dynamic] ==> ignore
    arg [-zrelro] ==> ignore
    arg [--hash-style=gnu] ==> ignore
    arg [--eh-frame-hdr] ==> ignore
    arg [-m] ==> ignore
    arg [elf_x86_64] ==> ignore
    arg [-export-dynamic] ==> ignore
    arg [-dynamic-linker] ==> ignore
    arg [/lib64/ld-linux-x86-64.so.2] ==> ignore
    arg [-o] ==> ignore
    arg [cmTC_0b684] ==> ignore
    arg [/usr/lib/x86_64-linux-gnu/crt1.o] ==> ignore
    arg [/usr/lib/x86_64-linux-gnu/crti.o] ==> ignore
    arg [/usr/lib/gcc/x86_64-linux-gnu/7.4.0/crtbegin.o] ==> ignore
    arg [-L/glob/development-tools/versions/oneapi/2021.3/inteloneapi/compiler/2021.3.0/linux/bin/../compiler/lib/intel64_lin] ==> dir [/glob/development-tools/versions/oneapi/2021.3/inteloneapi/compiler/2021.3.0/linux/bin/../compiler/lib/intel64_lin]
    arg [-L/glob/development-tools/versions/oneapi/2021.3/inteloneapi/compiler/2021.3.0/linux/bin/../lib] ==> dir [/glob/development-tools/versions/oneapi/2021.3/inteloneapi/compiler/2021.3.0/linux/bin/../lib]
    arg [-L/glob/development-tools/versions/oneapi/2021.3/inteloneapi/compiler/2021.3.0/linux/bin/../compiler/lib/intel64_lin] ==> dir [/glob/development-tools/versions/oneapi/2021.3/inteloneapi/compiler/2021.3.0/linux/bin/../compiler/lib/intel64_lin]
    arg [-L/usr/lib/gcc/x86_64-linux-gnu/7.4.0] ==> dir [/usr/lib/gcc/x86_64-linux-gnu/7.4.0]
    arg [-L/lib/x86_64-linux-gnu] ==> dir [/lib/x86_64-linux-gnu]
    arg [-L/lib/../lib64] ==> dir [/lib/../lib64]
    arg [-L/usr/lib/x86_64-linux-gnu] ==> dir [/usr/lib/x86_64-linux-gnu]
    arg [-L/usr/lib/gcc/x86_64-linux-gnu/7.4.0/../../..] ==> dir [/usr/lib/gcc/x86_64-linux-gnu/7.4.0/../../..]
    arg [-L/glob/development-tools/versions/oneapi/2021.3/inteloneapi/compiler/2021.3.0/linux/bin/../lib] ==> dir [/glob/development-tools/versions/oneapi/2021.3/inteloneapi/compiler/2021.3.0/linux/bin/../lib]
    arg [-L/lib] ==> dir [/lib]
    arg [-L/usr/lib] ==> dir [/usr/lib]
    arg [-L/opt/intel/openvino/data_processing/dl_streamer/lib] ==> dir [/opt/intel/openvino/data_processing/dl_streamer/lib]
    arg [-L/opt/intel/openvino/data_processing/gstreamer/lib] ==> dir [/opt/intel/openvino/data_processing/gstreamer/lib]
    arg [-L/glob/development-tools/versions/oneapi/2021.3/inteloneapi/vpl/2021.4.0/lib] ==> dir [/glob/development-tools/versions/oneapi/2021.3/inteloneapi/vpl/2021.4.0/lib]
    arg [-L/glob/development-tools/versions/oneapi/2021.3/inteloneapi/tbb/2021.3.0/env/../lib/intel64/gcc4.8] ==> dir [/glob/development-tools/versions/oneapi/2021.3/inteloneapi/tbb/2021.3.0/env/../lib/intel64/gcc4.8]
    arg [-L/glob/development-tools/versions/oneapi/2021.3/inteloneapi/mpi/2021.2.0//libfabric/lib] ==> dir [/glob/development-tools/versions/oneapi/2021.3/inteloneapi/mpi/2021.2.0//libfabric/lib]
    arg [-L/glob/development-tools/versions/oneapi/2021.3/inteloneapi/mpi/2021.2.0//lib/release] ==> dir [/glob/development-tools/versions/oneapi/2021.3/inteloneapi/mpi/2021.2.0//lib/release]
    arg [-L/glob/development-tools/versions/oneapi/2021.3/inteloneapi/mpi/2021.2.0//lib] ==> dir [/glob/development-tools/versions/oneapi/2021.3/inteloneapi/mpi/2021.2.0//lib]
    arg [-L/glob/development-tools/versions/oneapi/2021.3/inteloneapi/mkl/2021.3.0/lib/intel64] ==> dir [/glob/development-tools/versions/oneapi/2021.3/inteloneapi/mkl/2021.3.0/lib/intel64]
    arg [-L/glob/development-tools/versions/oneapi/2021.3/inteloneapi/ipp/2021.3.0/lib/intel64] ==> dir [/glob/development-tools/versions/oneapi/2021.3/inteloneapi/ipp/2021.3.0/lib/intel64]
    arg [-L/glob/development-tools/versions/oneapi/2021.3/inteloneapi/ippcp/2021.3.0/lib/intel64] ==> dir [/glob/development-tools/versions/oneapi/2021.3/inteloneapi/ippcp/2021.3.0/lib/intel64]
    arg [-L/glob/development-tools/versions/oneapi/2021.3/inteloneapi/ipp/2021.3.0/lib/intel64] ==> dir [/glob/development-tools/versions/oneapi/2021.3/inteloneapi/ipp/2021.3.0/lib/intel64]
    arg [-L/glob/development-tools/versions/oneapi/2021.3/inteloneapi/dnnl/2021.3.0/cpu_dpcpp_gpu_dpcpp/lib] ==> dir [/glob/development-tools/versions/oneapi/2021.3/inteloneapi/dnnl/2021.3.0/cpu_dpcpp_gpu_dpcpp/lib]
    arg [-L/glob/development-tools/versions/oneapi/2021.3/inteloneapi/dal/2021.3.0/lib/intel64] ==> dir [/glob/development-tools/versions/oneapi/2021.3/inteloneapi/dal/2021.3.0/lib/intel64]
    arg [-L/glob/development-tools/versions/oneapi/2021.3/inteloneapi/compiler/2021.3.0/linux/compiler/lib/intel64_lin] ==> dir [/glob/development-tools/versions/oneapi/2021.3/inteloneapi/compiler/2021.3.0/linux/compiler/lib/intel64_lin]
    arg [-L/glob/development-tools/versions/oneapi/2021.3/inteloneapi/compiler/2021.3.0/linux/lib] ==> dir [/glob/development-tools/versions/oneapi/2021.3/inteloneapi/compiler/2021.3.0/linux/lib]
    arg [-L/glob/development-tools/versions/oneapi/2021.3/inteloneapi/clck/2021.3.0/lib/intel64] ==> dir [/glob/development-tools/versions/oneapi/2021.3/inteloneapi/clck/2021.3.0/lib/intel64]
    arg [-L/glob/development-tools/versions/oneapi/2021.3/inteloneapi/ccl/2021.3.0/lib/cpu_gpu_dpcpp] ==> dir [/glob/development-tools/versions/oneapi/2021.3/inteloneapi/ccl/2021.3.0/lib/cpu_gpu_dpcpp]
    arg [/home/u75983/tmp/CMakeCXXCompilerABI-03563b.o] ==> ignore
    arg [/home/u75983/tmp/cmTC_0b684-wrapper-f21af2.o] ==> ignore
    arg [-Bstatic] ==> ignore
    arg [-lsvml] ==> lib [svml]
    arg [-Bdynamic] ==> ignore
    arg [-Bstatic] ==> ignore
    arg [-lirng] ==> lib [irng]
    arg [-Bdynamic] ==> ignore
    arg [-lstdc++] ==> lib [stdc++]
    arg [-limf] ==> lib [imf]
    arg [-lm] ==> lib [m]
    arg [-lgcc_s] ==> lib [gcc_s]
    arg [-lgcc] ==> lib [gcc]
    arg [-Bstatic] ==> ignore
    arg [-lirc] ==> lib [irc]
    arg [-Bdynamic] ==> ignore
    arg [-ldl] ==> lib [dl]
    arg [-lgcc_s] ==> lib [gcc_s]
    arg [-lgcc] ==> lib [gcc]
    arg [-lsycl] ==> lib [sycl]
    arg [-lc] ==> lib [c]
    arg [-lgcc_s] ==> lib [gcc_s]
    arg [-lgcc] ==> lib [gcc]
    arg [-Bstatic] ==> ignore
    arg [-lirc_s] ==> lib [irc_s]
    arg [-Bdynamic] ==> ignore
    arg [/usr/lib/gcc/x86_64-linux-gnu/7.4.0/crtend.o] ==> ignore
    arg [/usr/lib/x86_64-linux-gnu/crtn.o] ==> ignore
  collapse library dir [/glob/development-tools/versions/oneapi/2021.3/inteloneapi/compiler/2021.3.0/linux/bin/../compiler/lib/intel64_lin] ==> [/glob/development-tools/versions/oneapi/2021.3/inteloneapi/compiler/2021.3.0/linux/compiler/lib/intel64_lin]
  collapse library dir [/glob/development-tools/versions/oneapi/2021.3/inteloneapi/compiler/2021.3.0/linux/bin/../lib] ==> [/glob/development-tools/versions/oneapi/2021.3/inteloneapi/compiler/2021.3.0/linux/lib]
  collapse library dir [/glob/development-tools/versions/oneapi/2021.3/inteloneapi/compiler/2021.3.0/linux/bin/../compiler/lib/intel64_lin] ==> [/glob/development-tools/versions/oneapi/2021.3/inteloneapi/compiler/2021.3.0/linux/compiler/lib/intel64_lin]
  collapse library dir [/usr/lib/gcc/x86_64-linux-gnu/7.4.0] ==> [/usr/lib/gcc/x86_64-linux-gnu/7.4.0]
  collapse library dir [/lib/x86_64-linux-gnu] ==> [/lib/x86_64-linux-gnu]
  collapse library dir [/lib/../lib64] ==> [/lib64]
  collapse library dir [/usr/lib/x86_64-linux-gnu] ==> [/usr/lib/x86_64-linux-gnu]
  collapse library dir [/usr/lib/gcc/x86_64-linux-gnu/7.4.0/../../..] ==> [/usr/lib]
  collapse library dir [/glob/development-tools/versions/oneapi/2021.3/inteloneapi/compiler/2021.3.0/linux/bin/../lib] ==> [/glob/development-tools/versions/oneapi/2021.3/inteloneapi/compiler/2021.3.0/linux/lib]
  collapse library dir [/lib] ==> [/lib]
  collapse library dir [/usr/lib] ==> [/usr/lib]
  collapse library dir [/opt/intel/openvino/data_processing/dl_streamer/lib] ==> [/opt/intel/openvino/data_processing/dl_streamer/lib]
  collapse library dir [/opt/intel/openvino/data_processing/gstreamer/lib] ==> [/opt/intel/openvino/data_processing/gstreamer/lib]
  collapse library dir [/glob/development-tools/versions/oneapi/2021.3/inteloneapi/vpl/2021.4.0/lib] ==> [/glob/development-tools/versions/oneapi/2021.3/inteloneapi/vpl/2021.4.0/lib]
  collapse library dir [/glob/development-tools/versions/oneapi/2021.3/inteloneapi/tbb/2021.3.0/env/../lib/intel64/gcc4.8] ==> [/glob/development-tools/versions/oneapi/2021.3/inteloneapi/tbb/2021.3.0/lib/intel64/gcc4.8]
  collapse library dir [/glob/development-tools/versions/oneapi/2021.3/inteloneapi/mpi/2021.2.0//libfabric/lib] ==> [/glob/development-tools/versions/oneapi/2021.3/inteloneapi/mpi/2021.2.0/libfabric/lib]
  collapse library dir [/glob/development-tools/versions/oneapi/2021.3/inteloneapi/mpi/2021.2.0//lib/release] ==> [/glob/development-tools/versions/oneapi/2021.3/inteloneapi/mpi/2021.2.0/lib/release]
  collapse library dir [/glob/development-tools/versions/oneapi/2021.3/inteloneapi/mpi/2021.2.0//lib] ==> [/glob/development-tools/versions/oneapi/2021.3/inteloneapi/mpi/2021.2.0/lib]
  collapse library dir [/glob/development-tools/versions/oneapi/2021.3/inteloneapi/mkl/2021.3.0/lib/intel64] ==> [/glob/development-tools/versions/oneapi/2021.3/inteloneapi/mkl/2021.3.0/lib/intel64]
  collapse library dir [/glob/development-tools/versions/oneapi/2021.3/inteloneapi/ipp/2021.3.0/lib/intel64] ==> [/glob/development-tools/versions/oneapi/2021.3/inteloneapi/ipp/2021.3.0/lib/intel64]
  collapse library dir [/glob/development-tools/versions/oneapi/2021.3/inteloneapi/ippcp/2021.3.0/lib/intel64] ==> [/glob/development-tools/versions/oneapi/2021.3/inteloneapi/ippcp/2021.3.0/lib/intel64]
  collapse library dir [/glob/development-tools/versions/oneapi/2021.3/inteloneapi/ipp/2021.3.0/lib/intel64] ==> [/glob/development-tools/versions/oneapi/2021.3/inteloneapi/ipp/2021.3.0/lib/intel64]
  collapse library dir [/glob/development-tools/versions/oneapi/2021.3/inteloneapi/dnnl/2021.3.0/cpu_dpcpp_gpu_dpcpp/lib] ==> [/glob/development-tools/versions/oneapi/2021.3/inteloneapi/dnnl/2021.3.0/cpu_dpcpp_gpu_dpcpp/lib]
  collapse library dir [/glob/development-tools/versions/oneapi/2021.3/inteloneapi/dal/2021.3.0/lib/intel64] ==> [/glob/development-tools/versions/oneapi/2021.3/inteloneapi/dal/2021.3.0/lib/intel64]
  collapse library dir [/glob/development-tools/versions/oneapi/2021.3/inteloneapi/compiler/2021.3.0/linux/compiler/lib/intel64_lin] ==> [/glob/development-tools/versions/oneapi/2021.3/inteloneapi/compiler/2021.3.0/linux/compiler/lib/intel64_lin]
  collapse library dir [/glob/development-tools/versions/oneapi/2021.3/inteloneapi/compiler/2021.3.0/linux/lib] ==> [/glob/development-tools/versions/oneapi/2021.3/inteloneapi/compiler/2021.3.0/linux/lib]
  collapse library dir [/glob/development-tools/versions/oneapi/2021.3/inteloneapi/clck/2021.3.0/lib/intel64] ==> [/glob/development-tools/versions/oneapi/2021.3/inteloneapi/clck/2021.3.0/lib/intel64]
  collapse library dir [/glob/development-tools/versions/oneapi/2021.3/inteloneapi/ccl/2021.3.0/lib/cpu_gpu_dpcpp] ==> [/glob/development-tools/versions/oneapi/2021.3/inteloneapi/ccl/2021.3.0/lib/cpu_gpu_dpcpp]
  implicit libs: [svml;irng;stdc++;imf;m;gcc_s;gcc;irc;dl;gcc_s;gcc;sycl;c;gcc_s;gcc;irc_s]
  implicit dirs: [/glob/development-tools/versions/oneapi/2021.3/inteloneapi/compiler/2021.3.0/linux/compiler/lib/intel64_lin;/glob/development-tools/versions/oneapi/2021.3/inteloneapi/compiler/2021.3.0/linux/lib;/usr/lib/gcc/x86_64-linux-gnu/7.4.0;/lib/x86_64-linux-gnu;/lib64;/usr/lib/x86_64-linux-gnu;/usr/lib;/lib;/opt/intel/openvino/data_processing/dl_streamer/lib;/opt/intel/openvino/data_processing/gstreamer/lib;/glob/development-tools/versions/oneapi/2021.3/inteloneapi/vpl/2021.4.0/lib;/glob/development-tools/versions/oneapi/2021.3/inteloneapi/tbb/2021.3.0/lib/intel64/gcc4.8;/glob/development-tools/versions/oneapi/2021.3/inteloneapi/mpi/2021.2.0/libfabric/lib;/glob/development-tools/versions/oneapi/2021.3/inteloneapi/mpi/2021.2.0/lib/release;/glob/development-tools/versions/oneapi/2021.3/inteloneapi/mpi/2021.2.0/lib;/glob/development-tools/versions/oneapi/2021.3/inteloneapi/mkl/2021.3.0/lib/intel64;/glob/development-tools/versions/oneapi/2021.3/inteloneapi/ipp/2021.3.0/lib/intel64;/glob/development-tools/versions/oneapi/2021.3/inteloneapi/ippcp/2021.3.0/lib/intel64;/glob/development-tools/versions/oneapi/2021.3/inteloneapi/dnnl/2021.3.0/cpu_dpcpp_gpu_dpcpp/lib;/glob/development-tools/versions/oneapi/2021.3/inteloneapi/dal/2021.3.0/lib/intel64;/glob/development-tools/versions/oneapi/2021.3/inteloneapi/clck/2021.3.0/lib/intel64;/glob/development-tools/versions/oneapi/2021.3/inteloneapi/ccl/2021.3.0/lib/cpu_gpu_dpcpp]
  implicit fwks: []




Detecting CXX [-std=c++1z] compiler features compiled with the following output:
Change Dir: /home/u75983/dpcpp-tutorial/matrix-multi/newbuild/CMakeFiles/CMakeTmp

Run Build Command:"/usr/bin/make" "cmTC_408c6/fast"
/usr/bin/make -f CMakeFiles/cmTC_408c6.dir/build.make CMakeFiles/cmTC_408c6.dir/build
make[1]: Entering directory '/home/u75983/dpcpp-tutorial/matrix-multi/newbuild/CMakeFiles/CMakeTmp'
Building CXX object CMakeFiles/cmTC_408c6.dir/feature_tests.cxx.o
/glob/development-tools/versions/oneapi/2021.3/inteloneapi/compiler/2021.3.0/linux/bin/dpcpp    -std=c++1z -o CMakeFiles/cmTC_408c6.dir/feature_tests.cxx.o -c /home/u75983/dpcpp-tutorial/matrix-multi/newbuild/CMakeFiles/feature_tests.cxx
Linking CXX executable cmTC_408c6
/usr/bin/cmake -E cmake_link_script CMakeFiles/cmTC_408c6.dir/link.txt --verbose=1
/glob/development-tools/versions/oneapi/2021.3/inteloneapi/compiler/2021.3.0/linux/bin/dpcpp       -rdynamic CMakeFiles/cmTC_408c6.dir/feature_tests.cxx.o  -o cmTC_408c6 
make[1]: Leaving directory '/home/u75983/dpcpp-tutorial/matrix-multi/newbuild/CMakeFiles/CMakeTmp'


    Feature record: CXX_FEATURE:1cxx_aggregate_default_initializers
    Feature record: CXX_FEATURE:1cxx_alias_templates
    Feature record: CXX_FEATURE:1cxx_alignas
    Feature record: CXX_FEATURE:1cxx_alignof
    Feature record: CXX_FEATURE:1cxx_attributes
    Feature record: CXX_FEATURE:1cxx_attribute_deprecated
    Feature record: CXX_FEATURE:1cxx_auto_type
    Feature record: CXX_FEATURE:1cxx_binary_literals
    Feature record: CXX_FEATURE:1cxx_constexpr
    Feature record: CXX_FEATURE:1cxx_contextual_conversions
    Feature record: CXX_FEATURE:1cxx_decltype
    Feature record: CXX_FEATURE:1cxx_decltype_auto
    Feature record: CXX_FEATURE:1cxx_decltype_incomplete_return_types
    Feature record: CXX_FEATURE:1cxx_default_function_template_args
    Feature record: CXX_FEATURE:1cxx_defaulted_functions
    Feature record: CXX_FEATURE:1cxx_defaulted_move_initializers
    Feature record: CXX_FEATURE:1cxx_delegating_constructors
    Feature record: CXX_FEATURE:1cxx_deleted_functions
    Feature record: CXX_FEATURE:1cxx_digit_separators
    Feature record: CXX_FEATURE:1cxx_enum_forward_declarations
    Feature record: CXX_FEATURE:1cxx_explicit_conversions
    Feature record: CXX_FEATURE:1cxx_extended_friend_declarations
    Feature record: CXX_FEATURE:1cxx_extern_templates
    Feature record: CXX_FEATURE:1cxx_final
    Feature record: CXX_FEATURE:1cxx_func_identifier
    Feature record: CXX_FEATURE:1cxx_generalized_initializers
    Feature record: CXX_FEATURE:1cxx_generic_lambdas
    Feature record: CXX_FEATURE:1cxx_inheriting_constructors
    Feature record: CXX_FEATURE:1cxx_inline_namespaces
    Feature record: CXX_FEATURE:1cxx_lambdas
    Feature record: CXX_FEATURE:1cxx_lambda_init_captures
    Feature record: CXX_FEATURE:1cxx_local_type_template_args
    Feature record: CXX_FEATURE:1cxx_long_long_type
    Feature record: CXX_FEATURE:1cxx_noexcept
    Feature record: CXX_FEATURE:1cxx_nonstatic_member_init
    Feature record: CXX_FEATURE:1cxx_nullptr
    Feature record: CXX_FEATURE:1cxx_override
    Feature record: CXX_FEATURE:1cxx_range_for
    Feature record: CXX_FEATURE:1cxx_raw_string_literals
    Feature record: CXX_FEATURE:1cxx_reference_qualified_functions
    Feature record: CXX_FEATURE:1cxx_relaxed_constexpr
    Feature record: CXX_FEATURE:1cxx_return_type_deduction
    Feature record: CXX_FEATURE:1cxx_right_angle_brackets
    Feature record: CXX_FEATURE:1cxx_rvalue_references
    Feature record: CXX_FEATURE:1cxx_sizeof_member
    Feature record: CXX_FEATURE:1cxx_static_assert
    Feature record: CXX_FEATURE:1cxx_strong_enums
    Feature record: CXX_FEATURE:1cxx_template_template_parameters
    Feature record: CXX_FEATURE:1cxx_thread_local
    Feature record: CXX_FEATURE:1cxx_trailing_return_types
    Feature record: CXX_FEATURE:1cxx_unicode_literals
    Feature record: CXX_FEATURE:1cxx_uniform_initialization
    Feature record: CXX_FEATURE:1cxx_unrestricted_unions
    Feature record: CXX_FEATURE:1cxx_user_literals
    Feature record: CXX_FEATURE:1cxx_variable_templates
    Feature record: CXX_FEATURE:1cxx_variadic_macros
    Feature record: CXX_FEATURE:1cxx_variadic_templates


Detecting CXX [-std=c++14] compiler features compiled with the following output:
Change Dir: /home/u75983/dpcpp-tutorial/matrix-multi/newbuild/CMakeFiles/CMakeTmp

Run Build Command:"/usr/bin/make" "cmTC_b7652/fast"
/usr/bin/make -f CMakeFiles/cmTC_b7652.dir/build.make CMakeFiles/cmTC_b7652.dir/build
make[1]: Entering directory '/home/u75983/dpcpp-tutorial/matrix-multi/newbuild/CMakeFiles/CMakeTmp'
Building CXX object CMakeFiles/cmTC_b7652.dir/feature_tests.cxx.o
/glob/development-tools/versions/oneapi/2021.3/inteloneapi/compiler/2021.3.0/linux/bin/dpcpp    -std=c++14 -o CMakeFiles/cmTC_b7652.dir/feature_tests.cxx.o -c /home/u75983/dpcpp-tutorial/matrix-multi/newbuild/CMakeFiles/feature_tests.cxx
Linking CXX executable cmTC_b7652
/usr/bin/cmake -E cmake_link_script CMakeFiles/cmTC_b7652.dir/link.txt --verbose=1
/glob/development-tools/versions/oneapi/2021.3/inteloneapi/compiler/2021.3.0/linux/bin/dpcpp       -rdynamic CMakeFiles/cmTC_b7652.dir/feature_tests.cxx.o  -o cmTC_b7652 
make[1]: Leaving directory '/home/u75983/dpcpp-tutorial/matrix-multi/newbuild/CMakeFiles/CMakeTmp'


    Feature record: CXX_FEATURE:1cxx_aggregate_default_initializers
    Feature record: CXX_FEATURE:1cxx_alias_templates
    Feature record: CXX_FEATURE:1cxx_alignas
    Feature record: CXX_FEATURE:1cxx_alignof
    Feature record: CXX_FEATURE:1cxx_attributes
    Feature record: CXX_FEATURE:1cxx_attribute_deprecated
    Feature record: CXX_FEATURE:1cxx_auto_type
    Feature record: CXX_FEATURE:1cxx_binary_literals
    Feature record: CXX_FEATURE:1cxx_constexpr
    Feature record: CXX_FEATURE:1cxx_contextual_conversions
    Feature record: CXX_FEATURE:1cxx_decltype
    Feature record: CXX_FEATURE:1cxx_decltype_auto
    Feature record: CXX_FEATURE:1cxx_decltype_incomplete_return_types
    Feature record: CXX_FEATURE:1cxx_default_function_template_args
    Feature record: CXX_FEATURE:1cxx_defaulted_functions
    Feature record: CXX_FEATURE:1cxx_defaulted_move_initializers
    Feature record: CXX_FEATURE:1cxx_delegating_constructors
    Feature record: CXX_FEATURE:1cxx_deleted_functions
    Feature record: CXX_FEATURE:1cxx_digit_separators
    Feature record: CXX_FEATURE:1cxx_enum_forward_declarations
    Feature record: CXX_FEATURE:1cxx_explicit_conversions
    Feature record: CXX_FEATURE:1cxx_extended_friend_declarations
    Feature record: CXX_FEATURE:1cxx_extern_templates
    Feature record: CXX_FEATURE:1cxx_final
    Feature record: CXX_FEATURE:1cxx_func_identifier
    Feature record: CXX_FEATURE:1cxx_generalized_initializers
    Feature record: CXX_FEATURE:1cxx_generic_lambdas
    Feature record: CXX_FEATURE:1cxx_inheriting_constructors
    Feature record: CXX_FEATURE:1cxx_inline_namespaces
    Feature record: CXX_FEATURE:1cxx_lambdas
    Feature record: CXX_FEATURE:1cxx_lambda_init_captures
    Feature record: CXX_FEATURE:1cxx_local_type_template_args
    Feature record: CXX_FEATURE:1cxx_long_long_type
    Feature record: CXX_FEATURE:1cxx_noexcept
    Feature record: CXX_FEATURE:1cxx_nonstatic_member_init
    Feature record: CXX_FEATURE:1cxx_nullptr
    Feature record: CXX_FEATURE:1cxx_override
    Feature record: CXX_FEATURE:1cxx_range_for
    Feature record: CXX_FEATURE:1cxx_raw_string_literals
    Feature record: CXX_FEATURE:1cxx_reference_qualified_functions
    Feature record: CXX_FEATURE:1cxx_relaxed_constexpr
    Feature record: CXX_FEATURE:1cxx_return_type_deduction
    Feature record: CXX_FEATURE:1cxx_right_angle_brackets
    Feature record: CXX_FEATURE:1cxx_rvalue_references
    Feature record: CXX_FEATURE:1cxx_sizeof_member
    Feature record: CXX_FEATURE:1cxx_static_assert
    Feature record: CXX_FEATURE:1cxx_strong_enums
    Feature record: CXX_FEATURE:1cxx_template_template_parameters
    Feature record: CXX_FEATURE:1cxx_thread_local
    Feature record: CXX_FEATURE:1cxx_trailing_return_types
    Feature record: CXX_FEATURE:1cxx_unicode_literals
    Feature record: CXX_FEATURE:1cxx_uniform_initialization
    Feature record: CXX_FEATURE:1cxx_unrestricted_unions
    Feature record: CXX_FEATURE:1cxx_user_literals
    Feature record: CXX_FEATURE:1cxx_variable_templates
    Feature record: CXX_FEATURE:1cxx_variadic_macros
    Feature record: CXX_FEATURE:1cxx_variadic_templates


Detecting CXX [-std=c++11] compiler features compiled with the following output:
Change Dir: /home/u75983/dpcpp-tutorial/matrix-multi/newbuild/CMakeFiles/CMakeTmp

Run Build Command:"/usr/bin/make" "cmTC_29036/fast"
/usr/bin/make -f CMakeFiles/cmTC_29036.dir/build.make CMakeFiles/cmTC_29036.dir/build
make[1]: Entering directory '/home/u75983/dpcpp-tutorial/matrix-multi/newbuild/CMakeFiles/CMakeTmp'
Building CXX object CMakeFiles/cmTC_29036.dir/feature_tests.cxx.o
/glob/development-tools/versions/oneapi/2021.3/inteloneapi/compiler/2021.3.0/linux/bin/dpcpp    -std=c++11 -o CMakeFiles/cmTC_29036.dir/feature_tests.cxx.o -c /home/u75983/dpcpp-tutorial/matrix-multi/newbuild/CMakeFiles/feature_tests.cxx
Linking CXX executable cmTC_29036
/usr/bin/cmake -E cmake_link_script CMakeFiles/cmTC_29036.dir/link.txt --verbose=1
/glob/development-tools/versions/oneapi/2021.3/inteloneapi/compiler/2021.3.0/linux/bin/dpcpp       -rdynamic CMakeFiles/cmTC_29036.dir/feature_tests.cxx.o  -o cmTC_29036 
make[1]: Leaving directory '/home/u75983/dpcpp-tutorial/matrix-multi/newbuild/CMakeFiles/CMakeTmp'


    Feature record: CXX_FEATURE:0cxx_aggregate_default_initializers
    Feature record: CXX_FEATURE:1cxx_alias_templates
    Feature record: CXX_FEATURE:1cxx_alignas
    Feature record: CXX_FEATURE:1cxx_alignof
    Feature record: CXX_FEATURE:1cxx_attributes
    Feature record: CXX_FEATURE:0cxx_attribute_deprecated
    Feature record: CXX_FEATURE:1cxx_auto_type
    Feature record: CXX_FEATURE:0cxx_binary_literals
    Feature record: CXX_FEATURE:1cxx_constexpr
    Feature record: CXX_FEATURE:0cxx_contextual_conversions
    Feature record: CXX_FEATURE:1cxx_decltype
    Feature record: CXX_FEATURE:0cxx_decltype_auto
    Feature record: CXX_FEATURE:1cxx_decltype_incomplete_return_types
    Feature record: CXX_FEATURE:1cxx_default_function_template_args
    Feature record: CXX_FEATURE:1cxx_defaulted_functions
    Feature record: CXX_FEATURE:1cxx_defaulted_move_initializers
    Feature record: CXX_FEATURE:1cxx_delegating_constructors
    Feature record: CXX_FEATURE:1cxx_deleted_functions
    Feature record: CXX_FEATURE:0cxx_digit_separators
    Feature record: CXX_FEATURE:1cxx_enum_forward_declarations
    Feature record: CXX_FEATURE:1cxx_explicit_conversions
    Feature record: CXX_FEATURE:1cxx_extended_friend_declarations
    Feature record: CXX_FEATURE:1cxx_extern_templates
    Feature record: CXX_FEATURE:1cxx_final
    Feature record: CXX_FEATURE:1cxx_func_identifier
    Feature record: CXX_FEATURE:1cxx_generalized_initializers
    Feature record: CXX_FEATURE:0cxx_generic_lambdas
    Feature record: CXX_FEATURE:1cxx_inheriting_constructors
    Feature record: CXX_FEATURE:1cxx_inline_namespaces
    Feature record: CXX_FEATURE:1cxx_lambdas
    Feature record: CXX_FEATURE:0cxx_lambda_init_captures
    Feature record: CXX_FEATURE:1cxx_local_type_template_args
    Feature record: CXX_FEATURE:1cxx_long_long_type
    Feature record: CXX_FEATURE:1cxx_noexcept
    Feature record: CXX_FEATURE:1cxx_nonstatic_member_init
    Feature record: CXX_FEATURE:1cxx_nullptr
    Feature record: CXX_FEATURE:1cxx_override
    Feature record: CXX_FEATURE:1cxx_range_for
    Feature record: CXX_FEATURE:1cxx_raw_string_literals
    Feature record: CXX_FEATURE:1cxx_reference_qualified_functions
    Feature record: CXX_FEATURE:0cxx_relaxed_constexpr
    Feature record: CXX_FEATURE:0cxx_return_type_deduction
    Feature record: CXX_FEATURE:1cxx_right_angle_brackets
    Feature record: CXX_FEATURE:1cxx_rvalue_references
    Feature record: CXX_FEATURE:1cxx_sizeof_member
    Feature record: CXX_FEATURE:1cxx_static_assert
    Feature record: CXX_FEATURE:1cxx_strong_enums
    Feature record: CXX_FEATURE:1cxx_template_template_parameters
    Feature record: CXX_FEATURE:1cxx_thread_local
    Feature record: CXX_FEATURE:1cxx_trailing_return_types
    Feature record: CXX_FEATURE:1cxx_unicode_literals
    Feature record: CXX_FEATURE:1cxx_uniform_initialization
    Feature record: CXX_FEATURE:1cxx_unrestricted_unions
    Feature record: CXX_FEATURE:1cxx_user_literals
    Feature record: CXX_FEATURE:0cxx_variable_templates
    Feature record: CXX_FEATURE:1cxx_variadic_macros
    Feature record: CXX_FEATURE:1cxx_variadic_templates


Detecting CXX [-std=c++98] compiler features compiled with the following output:
Change Dir: /home/u75983/dpcpp-tutorial/matrix-multi/newbuild/CMakeFiles/CMakeTmp

Run Build Command:"/usr/bin/make" "cmTC_ad64f/fast"
/usr/bin/make -f CMakeFiles/cmTC_ad64f.dir/build.make CMakeFiles/cmTC_ad64f.dir/build
make[1]: Entering directory '/home/u75983/dpcpp-tutorial/matrix-multi/newbuild/CMakeFiles/CMakeTmp'
Building CXX object CMakeFiles/cmTC_ad64f.dir/feature_tests.cxx.o
/glob/development-tools/versions/oneapi/2021.3/inteloneapi/compiler/2021.3.0/linux/bin/dpcpp    -std=c++98 -o CMakeFiles/cmTC_ad64f.dir/feature_tests.cxx.o -c /home/u75983/dpcpp-tutorial/matrix-multi/newbuild/CMakeFiles/feature_tests.cxx
Linking CXX executable cmTC_ad64f
/usr/bin/cmake -E cmake_link_script CMakeFiles/cmTC_ad64f.dir/link.txt --verbose=1
/glob/development-tools/versions/oneapi/2021.3/inteloneapi/compiler/2021.3.0/linux/bin/dpcpp       -rdynamic CMakeFiles/cmTC_ad64f.dir/feature_tests.cxx.o  -o cmTC_ad64f 
make[1]: Leaving directory '/home/u75983/dpcpp-tutorial/matrix-multi/newbuild/CMakeFiles/CMakeTmp'


    Feature record: CXX_FEATURE:0cxx_aggregate_default_initializers
    Feature record: CXX_FEATURE:0cxx_alias_templates
    Feature record: CXX_FEATURE:0cxx_alignas
    Feature record: CXX_FEATURE:0cxx_alignof
    Feature record: CXX_FEATURE:0cxx_attributes
    Feature record: CXX_FEATURE:0cxx_attribute_deprecated
    Feature record: CXX_FEATURE:0cxx_auto_type
    Feature record: CXX_FEATURE:0cxx_binary_literals
    Feature record: CXX_FEATURE:0cxx_constexpr
    Feature record: CXX_FEATURE:0cxx_contextual_conversions
    Feature record: CXX_FEATURE:0cxx_decltype
    Feature record: CXX_FEATURE:0cxx_decltype_auto
    Feature record: CXX_FEATURE:0cxx_decltype_incomplete_return_types
    Feature record: CXX_FEATURE:0cxx_default_function_template_args
    Feature record: CXX_FEATURE:0cxx_defaulted_functions
    Feature record: CXX_FEATURE:0cxx_defaulted_move_initializers
    Feature record: CXX_FEATURE:0cxx_delegating_constructors
    Feature record: CXX_FEATURE:0cxx_deleted_functions
    Feature record: CXX_FEATURE:0cxx_digit_separators
    Feature record: CXX_FEATURE:0cxx_enum_forward_declarations
    Feature record: CXX_FEATURE:0cxx_explicit_conversions
    Feature record: CXX_FEATURE:0cxx_extended_friend_declarations
    Feature record: CXX_FEATURE:0cxx_extern_templates
    Feature record: CXX_FEATURE:0cxx_final
    Feature record: CXX_FEATURE:0cxx_func_identifier
    Feature record: CXX_FEATURE:0cxx_generalized_initializers
    Feature record: CXX_FEATURE:0cxx_generic_lambdas
    Feature record: CXX_FEATURE:0cxx_inheriting_constructors
    Feature record: CXX_FEATURE:0cxx_inline_namespaces
    Feature record: CXX_FEATURE:0cxx_lambdas
    Feature record: CXX_FEATURE:0cxx_lambda_init_captures
    Feature record: CXX_FEATURE:0cxx_local_type_template_args
    Feature record: CXX_FEATURE:0cxx_long_long_type
    Feature record: CXX_FEATURE:0cxx_noexcept
    Feature record: CXX_FEATURE:0cxx_nonstatic_member_init
    Feature record: CXX_FEATURE:0cxx_nullptr
    Feature record: CXX_FEATURE:0cxx_override
    Feature record: CXX_FEATURE:0cxx_range_for
    Feature record: CXX_FEATURE:0cxx_raw_string_literals
    Feature record: CXX_FEATURE:0cxx_reference_qualified_functions
    Feature record: CXX_FEATURE:0cxx_relaxed_constexpr
    Feature record: CXX_FEATURE:0cxx_return_type_deduction
    Feature record: CXX_FEATURE:0cxx_right_angle_brackets
    Feature record: CXX_FEATURE:0cxx_rvalue_references
    Feature record: CXX_FEATURE:0cxx_sizeof_member
    Feature record: CXX_FEATURE:0cxx_static_assert
    Feature record: CXX_FEATURE:0cxx_strong_enums
    Feature record: CXX_FEATURE:1cxx_template_template_parameters
    Feature record: CXX_FEATURE:0cxx_thread_local
    Feature record: CXX_FEATURE:0cxx_trailing_return_types
    Feature record: CXX_FEATURE:0cxx_unicode_literals
    Feature record: CXX_FEATURE:0cxx_uniform_initialization
    Feature record: CXX_FEATURE:0cxx_unrestricted_unions
    Feature record: CXX_FEATURE:0cxx_user_literals
    Feature record: CXX_FEATURE:0cxx_variable_templates
    Feature record: CXX_FEATURE:0cxx_variadic_macros
    Feature record: CXX_FEATURE:0cxx_variadic_templates
